2020-04-02 16:54:11,811 INFO: Successfully LogIN .
2020-04-02 16:54:46,217 INFO: selected adatar for Utilization .
2020-04-02 16:54:50,886 INFO: Successfully Calculated Utilization for adatar .
2020-04-02 16:55:04,998 INFO: selected sadake for Utilization .
2020-04-02 16:55:09,404 INFO: Successfully Calculated Utilization for sadake .
2020-04-02 16:55:22,511 INFO: selected apawar2 for Utilization .
2020-04-02 16:55:26,911 INFO: Successfully Calculated Utilization for apawar2 .
2020-04-02 16:55:40,012 INFO: selected ainamdar for Utilization .
2020-04-02 16:55:44,418 INFO: Successfully Calculated Utilization for ainamdar .
2020-04-02 16:55:57,736 INFO: selected Ajay Choudhary for Utilization .
2020-04-02 16:56:02,093 INFO: Successfully Calculated Utilization for Ajay Choudhary .
2020-04-02 16:56:15,173 INFO: selected mkamble for Utilization .
2020-04-02 16:56:19,500 INFO: Successfully Calculated Utilization for mkamble .
2020-04-02 16:56:32,555 INFO: selected averma for Utilization .
2020-04-02 16:56:36,857 INFO: Successfully Calculated Utilization for averma .
2020-04-02 16:56:49,893 INFO: selected amane for Utilization .
2020-04-02 16:56:54,297 INFO: Successfully Calculated Utilization for amane .
2020-04-02 16:57:07,308 INFO: selected srathore for Utilization .
2020-04-02 16:57:11,636 INFO: Successfully Calculated Utilization for srathore .
2020-04-02 16:57:24,666 INFO: selected nmahala for Utilization .
2020-04-02 16:57:29,139 INFO: Successfully Calculated Utilization for nmahala .
2020-04-02 16:57:42,165 INFO: selected sswami for Utilization .
2020-04-02 16:57:46,528 INFO: Successfully Calculated Utilization for sswami .
2020-04-02 16:57:59,603 INFO: selected rchoudhari for Utilization .
2020-04-02 16:58:03,914 INFO: Successfully Calculated Utilization for rchoudhari .
2020-04-02 16:58:17,022 INFO: selected vtemkar for Utilization .
2020-04-02 16:58:21,387 INFO: Successfully Calculated Utilization for vtemkar .
2020-04-02 16:58:34,543 INFO: selected asarode for Utilization .
2020-04-02 16:58:38,903 INFO: Successfully Calculated Utilization for asarode .
2020-04-02 16:58:51,902 INFO: selected rkute for Utilization .
2020-04-02 16:58:56,344 INFO: Successfully Calculated Utilization for rkute .
2020-04-02 16:59:09,662 INFO: selected pshende for Utilization .
2020-04-02 16:59:14,048 INFO: Successfully Calculated Utilization for pshende .
2020-04-02 16:59:27,427 INFO: selected njalkote for Utilization .
2020-04-02 16:59:31,796 INFO: Successfully Calculated Utilization for njalkote .
2020-04-02 16:59:44,788 INFO: selected syadav for Utilization .
2020-04-02 16:59:49,101 INFO: Successfully Calculated Utilization for syadav .
2020-04-02 17:00:02,139 INFO: selected ssharma for Utilization .
2020-04-02 17:00:06,429 INFO: Successfully Calculated Utilization for ssharma .
2020-04-02 17:00:19,507 INFO: selected rsingh for Utilization .
2020-04-02 17:00:23,800 INFO: Successfully Calculated Utilization for rsingh .
2020-04-02 17:00:36,908 INFO: selected praut for Utilization .
2020-04-02 17:00:41,153 INFO: Successfully Calculated Utilization for praut .
2020-04-02 17:00:54,290 INFO: selected sjakkanawar for Utilization .
2020-04-02 17:00:58,618 INFO: Successfully Calculated Utilization for sjakkanawar .
2020-04-02 17:01:11,677 INFO: selected smishra2 for Utilization .
2020-04-02 17:01:15,954 INFO: Successfully Calculated Utilization for smishra2 .
2020-04-02 17:01:28,963 INFO: selected vsingh for Utilization .
2020-04-02 17:01:33,284 INFO: Successfully Calculated Utilization for vsingh .
2020-04-02 17:01:46,263 INFO: selected ymaurya for Utilization .
2020-04-02 17:01:50,562 INFO: Successfully Calculated Utilization for ymaurya .
2020-04-02 17:02:03,628 INFO: selected skumari2 for Utilization .
2020-04-02 17:02:08,008 INFO: Successfully Calculated Utilization for skumari2 .
2020-04-02 17:02:21,015 INFO: selected ktiwari for Utilization .
2020-04-02 17:02:25,323 INFO: Successfully Calculated Utilization for ktiwari .
2020-04-02 17:02:38,295 INFO: selected agurav for Utilization .
2020-04-02 17:02:42,650 INFO: Successfully Calculated Utilization for agurav .
2020-04-02 17:02:55,746 INFO: selected sshetty for Utilization .
2020-04-02 17:03:00,126 INFO: Successfully Calculated Utilization for sshetty .
2020-04-02 17:03:13,199 INFO: selected gpawar3 for Utilization .
2020-04-02 17:03:17,618 INFO: Successfully Calculated Utilization for gpawar3 .
2020-04-02 17:03:30,664 INFO: selected udhotre for Utilization .
2020-04-02 17:03:34,945 INFO: Successfully Calculated Utilization for udhotre .
2020-04-02 17:03:48,047 INFO: selected asalunkhe for Utilization .
2020-04-02 17:03:52,327 INFO: Successfully Calculated Utilization for asalunkhe .
2020-04-02 17:04:05,370 INFO: selected ashinde for Utilization .
2020-04-02 17:04:09,711 INFO: Successfully Calculated Utilization for ashinde .
2020-04-02 17:04:10,107 INFO: Successfully LogOut .
