2019-12-23 11:11:05,039 INFO: Folder created For DomoPortal.
2019-12-23 11:11:22,392 INFO: Successfully SignIN To Wolverine.
2019-12-23 11:13:35,352 INFO: Download sales Report Successfully for Basspro.
2019-12-23 11:13:38,790 INFO: Successfully Rename and Move sales Report for Basspro.
2019-12-23 11:15:53,161 INFO: Download sales Report Successfully for Cabelas.
2019-12-23 11:15:56,176 INFO: Successfully Rename and Move sales Report for Cabelas.
2019-12-23 11:18:59,545 INFO: Download Inventory Report Successfully for Basspro.
2019-12-23 11:19:02,562 INFO: Successfully Rename and Move Inventory Report for Basspro.
2019-12-23 11:22:08,478 INFO: Download Inventory Report Successfully for Cabelas.
2019-12-23 11:22:11,494 INFO: Successfully Rename and Move inventory Report for Cabelas.
2019-12-23 11:22:14,403 INFO: Successfully Signout.
2019-12-23 11:22:14,404 INFO:  DONE WITH WOLVERINE.
2019-12-23 11:22:14,404 INFO: Download Complete for Domo Portal
2019-12-23 14:35:49,486 INFO: Folder created For DomoPortal.
2019-12-23 14:36:08,266 INFO: Successfully SignIN To GearAid.
2019-12-23 14:38:16,658 INFO: Download sales Report Successfully for Basspro.
2019-12-23 14:38:19,802 INFO: Successfully Rename and Move sales Report for Basspro.
2019-12-23 14:40:31,847 INFO: Download sales Report Successfully for Cabelas.
2019-12-23 14:40:34,954 INFO: Successfully Rename and Move sales Report for Cabelas.
2019-12-23 14:43:40,295 INFO: Download Inventory Report Successfully for Basspro.
2019-12-23 14:43:43,321 INFO: Successfully Rename and Move Inventory Report for Basspro.
2019-12-23 14:46:53,963 INFO: Download Inventory Report Successfully for Cabelas.
2019-12-23 14:46:56,984 INFO: Successfully Rename and Move inventory Report for Cabelas.
2019-12-23 14:47:00,141 INFO: Successfully Signout.
2019-12-23 14:47:00,142 INFO:  DONE WITH GEARAIDINC.
2019-12-23 14:47:11,964 INFO: Successfully SignIN To GildanApparel.
2019-12-23 14:49:28,415 INFO: Folder created For DomoPortal.
2019-12-23 14:49:47,962 INFO: Successfully SignIN To MtnOps.
2019-12-23 14:51:54,443 INFO: Download sales Report Successfully for Basspro.
2019-12-23 14:51:57,464 INFO: Successfully Rename and Move sales Report for Basspro.
2019-12-23 14:54:09,321 INFO: Download sales Report Successfully for Cabelas.
2019-12-23 14:54:12,339 INFO: Successfully Rename and Move sales Report for Cabelas.
2019-12-23 14:57:13,487 INFO: Download Inventory Report Successfully for Basspro.
2019-12-23 14:57:16,504 INFO: Successfully Rename and Move Inventory Report for Basspro.
2019-12-23 15:00:22,493 INFO: Download Inventory Report Successfully for Cabelas.
2019-12-23 15:00:25,514 INFO: Successfully Rename and Move inventory Report for Cabelas.
2019-12-23 15:01:36,967 INFO: Folder created For DomoPortal.
2019-12-23 15:01:56,205 INFO: Successfully SignIN To MtnOps.
2019-12-23 15:04:05,287 INFO: Download sales Report Successfully for Basspro.
2019-12-23 15:04:08,309 INFO: Successfully Rename and Move sales Report for Basspro.
2019-12-23 15:06:21,115 INFO: Download sales Report Successfully for Cabelas.
2019-12-23 15:06:24,139 INFO: Successfully Rename and Move sales Report for Cabelas.
2019-12-23 15:09:25,126 INFO: Download Inventory Report Successfully for Basspro.
2019-12-23 15:09:28,142 INFO: Successfully Rename and Move Inventory Report for Basspro.
2019-12-23 15:12:33,774 INFO: Download Inventory Report Successfully for Cabelas.
2019-12-23 15:12:36,790 INFO: Successfully Rename and Move inventory Report for Cabelas.
2019-12-23 15:12:39,586 INFO: Successfully Signout.
2019-12-23 15:12:39,587 INFO:  DONE WITH MTNOPS.
2019-12-23 15:12:51,329 INFO: Successfully SignIN To VistaOutdoor.
2019-12-23 15:14:59,787 INFO: Download sales Report Successfully for Basspro.
2019-12-23 15:15:02,803 INFO: Successfully Rename and Move sales Report for Basspro.
2019-12-23 15:17:16,076 INFO: Download sales Report Successfully for Cabelas.
2019-12-23 15:17:19,207 INFO: Successfully Rename and Move sales Report for Cabelas.
2019-12-23 15:20:23,412 INFO: Download Inventory Report Successfully for Basspro.
2019-12-23 15:20:26,429 INFO: Successfully Rename and Move Inventory Report for Basspro.
2019-12-23 15:23:34,351 INFO: Download Inventory Report Successfully for Cabelas.
2019-12-23 15:23:37,367 INFO: Successfully Rename and Move inventory Report for Cabelas.
2019-12-23 15:23:39,881 INFO: Successfully Signout.
2019-12-23 15:23:39,882 INFO:  DONE WITH VISTAOUTDOOR.
2019-12-23 15:23:51,760 INFO: Successfully SignIN To AmericanAccessoriesInc.
2019-12-23 15:26:00,155 INFO: Download sales Report Successfully for Basspro.
2019-12-23 15:26:03,170 INFO: Successfully Rename and Move sales Report for Basspro.
2019-12-23 15:28:18,772 INFO: Download sales Report Successfully for Cabelas.
2019-12-23 15:28:21,789 INFO: Successfully Rename and Move sales Report for Cabelas.
2019-12-23 15:31:22,806 INFO: Download Inventory Report Successfully for Basspro.
2019-12-23 15:31:25,823 INFO: Successfully Rename and Move Inventory Report for Basspro.
2019-12-23 15:34:31,496 INFO: Download Inventory Report Successfully for Cabelas.
2019-12-23 15:34:34,513 INFO: Successfully Rename and Move inventory Report for Cabelas.
2019-12-23 15:34:36,878 INFO: Successfully Signout.
2019-12-23 15:34:36,878 INFO:  DONE WITH AMERICANACCESSORIESINC.
2019-12-23 15:34:48,601 INFO: Successfully SignIN To BenchmadeKnifeCo.
2019-12-23 16:39:29,108 INFO: Folder created For DomoPortal.
2019-12-23 16:39:45,433 INFO: Successfully SignIN To Chums.
2019-12-23 16:41:54,322 INFO: Download sales Report Successfully for Basspro.
2019-12-23 16:41:57,337 INFO: Successfully Rename and Move sales Report for Basspro.
2019-12-23 16:44:08,636 INFO: Download sales Report Successfully for Cabelas.
2019-12-23 16:44:11,652 INFO: Successfully Rename and Move sales Report for Cabelas.
2019-12-23 16:47:13,492 INFO: Download Inventory Report Successfully for Basspro.
2019-12-23 16:47:17,345 INFO: Successfully Rename and Move Inventory Report for Basspro.
2019-12-23 16:50:22,987 INFO: Download Inventory Report Successfully for Cabelas.
2019-12-23 16:50:26,010 INFO: Successfully Rename and Move inventory Report for Cabelas.
2019-12-23 16:50:28,675 INFO: Successfully Signout.
2019-12-23 16:50:28,675 INFO:  DONE WITH CHUMS.
2019-12-23 16:50:40,366 INFO: Successfully SignIN To DrewBradyCompanyInc.
2019-12-23 16:52:14,275 INFO: Folder created For DomoPortal.
2019-12-23 16:52:29,743 INFO: Successfully SignIN To TervisTumbler.
2019-12-23 16:54:37,247 INFO: Download sales Report Successfully for Basspro.
2019-12-23 16:54:40,267 INFO: Successfully Rename and Move sales Report for Basspro.
2019-12-23 16:57:32,045 INFO: Download sales Report Successfully for Cabelas.
2019-12-23 16:57:35,060 INFO: Successfully Rename and Move sales Report for Cabelas.
2019-12-23 17:00:41,370 INFO: Download Inventory Report Successfully for Basspro.
2019-12-23 17:00:44,387 INFO: Successfully Rename and Move Inventory Report for Basspro.
2019-12-23 17:03:55,984 INFO: Download Inventory Report Successfully for Cabelas.
2019-12-23 17:03:58,999 INFO: Successfully Rename and Move inventory Report for Cabelas.
2019-12-23 17:04:03,994 INFO: Successfully Signout.
2019-12-23 17:04:03,994 INFO:  DONE WITH TERVISTUMBLER.
2019-12-23 17:05:13,977 INFO: Successfully SignIN To BuckGardnerCalls.
2019-12-23 17:06:27,129 INFO: Folder created For DomoPortal.
2019-12-23 17:06:43,985 INFO: Successfully SignIN To Energizer.
2019-12-23 17:07:56,395 INFO: Folder created For DomoPortal.
2019-12-23 17:08:12,184 INFO: Successfully SignIN To IndustrialRevolution.
2019-12-23 17:09:14,397 INFO: Folder created For DomoPortal.
2019-12-23 17:09:29,635 INFO: Successfully SignIN To Camelback.
