2019-12-02 10:47:23,309 INFO: Folder created.
2019-12-02 10:47:53,455 INFO: Successfully Login to Under Armour Europe
2019-12-02 10:51:16,253 INFO: Folder created.
2019-12-02 11:10:06,925 INFO: Folder created.
2019-12-02 11:12:10,599 INFO: Folder created.
2019-12-02 11:12:45,072 INFO: Folder created.
2019-12-02 11:13:15,902 INFO: Successfully Login to Under Armour Europe
2019-12-02 11:17:07,748 INFO: Folder created.
2019-12-02 11:17:36,364 INFO: Successfully Login to Under Armour Europe
2019-12-02 11:20:29,059 INFO: Folder created.
2019-12-02 11:21:01,676 INFO: Successfully Login to Under Armour Europe
2019-12-02 11:21:09,497 INFO: Successfully Switch to UnderArmourEurope(FR)
2019-12-02 11:26:13,559 INFO: Folder created.
2019-12-02 11:49:32,992 INFO: Folder created.
2019-12-02 11:50:03,123 INFO: Successfully Login to Under Armour Europe
2019-12-02 11:50:10,725 INFO: Successfully Switch to UnderArmourEurope(FR)
2019-12-02 11:52:34,771 INFO: Folder created.
2019-12-02 11:53:04,244 INFO: Successfully Login to Under Armour Europe
2019-12-02 11:53:11,737 INFO: Successfully Switch to UnderArmourEurope(FR)
2019-12-02 12:10:26,327 INFO: Folder created.
2019-12-02 12:10:47,522 INFO: Folder created.
2019-12-02 12:11:17,672 INFO: Successfully Login to Under Armour Europe
2019-12-02 12:11:25,430 INFO: Successfully Switch to UnderArmourEurope(FR)
2019-12-02 12:17:14,581 INFO: Folder created.
2019-12-02 12:17:45,459 INFO: Successfully Login to Under Armour Europe
2019-12-02 12:17:54,204 INFO: Successfully Switch to UnderArmourEurope(FR)
2019-12-02 12:18:55,486 INFO: Successfully Downloaded SaleDiagnostic Report for FR
2019-12-02 12:18:58,501 INFO: Successfully Rename and Move SaleDiagnostic Report for FR
2019-12-02 12:19:18,322 INFO: No Apply Needed here.
2019-12-02 12:19:50,071 INFO: Successfully Downloaded InventoryHealth Report for FR
2019-12-02 12:29:12,931 INFO: Folder created.
2019-12-02 12:29:55,291 INFO: Folder created.
2019-12-02 12:30:29,311 INFO: Successfully Login to Under Armour Europe
2019-12-02 12:30:38,185 INFO: Successfully Switch to UnderArmourEurope(FR)
2019-12-02 12:31:39,647 INFO: Successfully Downloaded SaleDiagnostic Report for FR
2019-12-02 12:31:52,659 INFO: Successfully Rename and Move SaleDiagnostic Report for FR
2019-12-02 12:32:10,782 INFO: No Apply Needed here.
2019-12-02 12:32:42,341 INFO: Successfully Downloaded InventoryHealth Report for FR
2019-12-02 12:34:20,526 INFO: Folder created.
2019-12-02 12:35:04,669 INFO: Folder created.
2019-12-02 12:35:33,631 INFO: Successfully Login to Under Armour Europe
2019-12-02 12:35:42,743 INFO: Successfully Switch to UnderArmourEurope(FR)
2019-12-02 12:36:43,023 INFO: Successfully Downloaded SaleDiagnostic Report for FR
2019-12-02 12:36:56,040 INFO: Successfully Rename and Move SaleDiagnostic Report for FR
2019-12-02 12:37:13,728 INFO: No Apply Needed here.
2019-12-02 12:37:45,422 INFO: Successfully Downloaded InventoryHealth Report for FR
2019-12-02 12:46:28,735 INFO: Folder created.
2019-12-02 12:47:00,699 INFO: Successfully Login to Under Armour Europe
2019-12-02 12:47:10,824 INFO: Successfully Switch to UnderArmourEurope(FR)
2019-12-02 12:48:13,183 INFO: Successfully Downloaded SaleDiagnostic Report for FR
2019-12-02 12:48:26,196 INFO: Successfully Rename and Move SaleDiagnostic Report for FR
2019-12-02 12:48:44,879 INFO: No Apply Needed here.
2019-12-02 12:49:16,619 INFO: Successfully Downloaded InventoryHealth Report for FR
2019-12-02 12:52:44,058 INFO: Folder created.
2019-12-02 12:53:10,019 INFO: Successfully Login to Under Armour Europe
2019-12-02 12:53:16,995 INFO: Successfully Switch to UnderArmourEurope(FR)
2019-12-02 12:54:15,191 INFO: Successfully Downloaded SaleDiagnostic Report for FR
2019-12-02 12:54:28,201 INFO: Successfully Rename and Move SaleDiagnostic Report for FR
2019-12-02 12:54:45,824 INFO: No Apply Needed here.
2019-12-02 12:55:16,584 INFO: Successfully Downloaded InventoryHealth Report for FR
2019-12-02 12:55:29,588 INFO: Successfully Rename and Move InventoryHealth Report for FR
2019-12-02 12:55:37,270 INFO: Successfully Switch to UnderArmourEurope(DE)
2019-12-02 12:56:00,702 INFO: No Apply Needed here.
2019-12-02 15:36:18,676 INFO: Folder created.
2019-12-02 15:46:20,680 INFO: Folder created.
2019-12-02 15:47:20,588 INFO: Folder created.
2019-12-02 15:52:03,228 INFO: Folder created.
2019-12-02 15:52:45,778 INFO: Folder created.
2019-12-02 15:54:24,694 INFO: Folder created.
2019-12-02 17:04:50,438 INFO: Folder created.
2019-12-02 17:04:50,438 INFO: Download Complete for Domo Portal
2019-12-02 17:04:56,077 INFO: Folder created.
2019-12-02 17:04:56,077 INFO: Download Complete for Domo Portal
2019-12-02 17:07:37,060 INFO: Folder created.
2019-12-02 17:07:37,060 INFO: Download Complete for Domo Portal
2019-12-02 17:07:42,374 INFO: Folder created.
2019-12-02 17:07:42,375 INFO: Download Complete for Domo Portal
2019-12-02 17:20:59,816 INFO: Folder created.
2019-12-02 17:20:59,816 INFO: Download Complete for Domo Portal
2019-12-02 17:21:05,974 INFO: Folder created.
2019-12-02 17:21:05,974 INFO: Download Complete for Domo Portal
