2019-11-18 11:21:22,434 INFO: Folder created first log
2019-11-18 11:22:05,738 INFO: Successfully Login to Under Armour Europe
2019-11-18 11:22:19,226 INFO: Successfully Switch to UnderArmourEurope(FR)
2019-11-18 11:23:37,225 INFO: Successfully Downloaded SaleDiagnostic Report for FR
2019-11-18 11:23:40,539 INFO: Successfully Rename and Move SaleDiagnostic Report for FR
2019-11-18 11:24:40,450 INFO: Successfully Downloaded InventoryHealth Report for FR
2019-11-18 11:24:45,900 INFO: Successfully Rename and Move InventoryHealth Report for FR
2019-11-18 11:24:59,940 INFO: Successfully Switch to UnderArmourEurope(DE)
2019-11-18 11:48:27,308 INFO: Folder created first log
2019-11-18 11:49:56,222 INFO: Folder created first log
2019-11-18 11:50:38,987 INFO: Successfully Login to Under Armour Europe
2019-11-18 11:50:52,866 INFO: Successfully Switch to UnderArmourEurope(FR)
2019-11-18 11:52:11,005 INFO: Successfully Downloaded SaleDiagnostic Report for FR
2019-11-18 11:52:14,017 INFO: Successfully Rename and Move SaleDiagnostic Report for FR
2019-11-18 14:07:43,483 INFO: Folder created first log
2019-11-18 14:08:26,178 INFO: Successfully Login to Under Armour Europe
2019-11-18 14:08:41,153 INFO: Successfully Switch to UnderArmourEurope(FR)
2019-11-18 14:10:01,084 INFO: Successfully Downloaded SaleDiagnostic Report for FR
2019-11-18 14:10:04,093 INFO: Successfully Rename and Move SaleDiagnostic Report for FR
2019-11-18 14:14:09,037 INFO: Folder created first log
2019-11-18 14:14:50,582 INFO: Successfully Login to Under Armour Europe
2019-11-18 14:15:04,630 INFO: Successfully Switch to UnderArmourEurope(FR)
2019-11-18 14:16:24,733 INFO: Successfully Downloaded SaleDiagnostic Report for FR
2019-11-18 14:16:27,739 INFO: Successfully Rename and Move SaleDiagnostic Report for FR
2019-11-18 14:42:37,522 INFO: Folder created first log
2019-11-18 14:45:10,135 INFO: Folder created first log
2019-11-18 14:45:51,447 INFO: Successfully Login to Under Armour Europe
2019-11-18 14:46:04,519 INFO: Successfully Switch to UnderArmourEurope(FR)
2019-11-18 14:47:24,307 INFO: Successfully Downloaded SaleDiagnostic Report for FR
2019-11-18 14:47:27,311 INFO: Successfully Rename and Move SaleDiagnostic Report for FR
2019-11-18 14:50:30,757 INFO: Folder created first log
2019-11-18 14:51:11,498 INFO: Successfully Login to Under Armour Europe
2019-11-18 14:51:25,153 INFO: Successfully Switch to UnderArmourEurope(FR)
2019-11-18 14:52:42,304 INFO: Successfully Downloaded SaleDiagnostic Report for FR
2019-11-18 14:52:45,310 INFO: Successfully Rename and Move SaleDiagnostic Report for FR
2019-11-18 14:53:47,920 INFO: Successfully Downloaded InventoryHealth Report for FR
2019-11-18 14:53:52,940 INFO: Successfully Rename and Move InventoryHealth Report for FR
2019-11-18 14:54:06,074 INFO: Successfully Switch to UnderArmourEurope(DE)
2019-11-18 14:55:22,636 INFO: Successfully Downloaded SaleDiagnostic Report for DE
2019-11-18 14:55:27,643 INFO: Successfully Rename and Move SaleDiagnostic Report for DE
2019-11-18 14:59:19,036 INFO: Folder created first log
2019-11-18 14:59:59,674 INFO: Successfully Login to Under Armour Europe
2019-11-18 15:00:12,911 INFO: Successfully Switch to UnderArmourEurope(FR)
2019-11-18 15:01:32,484 INFO: Successfully Downloaded SaleDiagnostic Report for FR
2019-11-18 15:01:35,487 INFO: Successfully Rename and Move SaleDiagnostic Report for FR
2019-11-18 15:02:47,200 INFO: Successfully Downloaded InventoryHealth Report for FR
2019-11-18 15:02:52,398 INFO: Successfully Rename and Move InventoryHealth Report for FR
2019-11-18 15:03:05,526 INFO: Successfully Switch to UnderArmourEurope(DE)
2019-11-18 15:04:23,135 INFO: Successfully Downloaded SaleDiagnostic Report for DE
2019-11-18 15:04:28,139 INFO: Successfully Rename and Move SaleDiagnostic Report for DE
2019-11-18 15:05:35,821 INFO: Successfully Downloaded InventoryHealth Report for DE
2019-11-18 15:05:40,912 INFO: Successfully Rename and Move InventoryHealth Report for DE
2019-11-18 15:05:49,241 INFO: Successfully Switch to UnderArmourEurope(GB)
2019-11-18 15:07:07,094 INFO: Successfully Downloaded SaleDiagnostic Report for GB
2019-11-18 15:07:12,098 INFO: Successfully Rename and Move SaleDiagnostic Report for GB
2019-11-18 15:08:21,677 INFO: Successfully Downloaded InventoryHealth Report for GB
2019-11-18 15:25:15,517 INFO: Folder created first log
2019-11-18 15:25:57,662 INFO: Successfully Login to Under Armour Europe
2019-11-18 15:26:11,508 INFO: Successfully Switch to UnderArmourEurope(FR)
2019-11-18 15:27:33,145 INFO: Successfully Downloaded SaleDiagnostic Report for FR
2019-11-18 15:27:36,152 INFO: Successfully Rename and Move SaleDiagnostic Report for FR
2019-11-18 15:28:48,437 INFO: Successfully Downloaded InventoryHealth Report for FR
2019-11-18 15:28:53,569 INFO: Successfully Rename and Move InventoryHealth Report for FR
2019-11-18 15:29:07,455 INFO: Successfully Switch to UnderArmourEurope(DE)
2019-11-18 15:30:34,580 INFO: Successfully Downloaded SaleDiagnostic Report for DE
2019-11-18 15:30:39,589 INFO: Successfully Rename and Move SaleDiagnostic Report for DE
2019-11-18 15:31:50,880 INFO: Successfully Downloaded InventoryHealth Report for DE
2019-11-18 15:41:30,934 INFO: Folder created first log
2019-11-18 15:42:12,932 INFO: Successfully Login to Under Armour Europe
2019-11-18 15:42:26,416 INFO: Successfully Switch to UnderArmourEurope(FR)
2019-11-18 15:43:44,567 INFO: Successfully Downloaded SaleDiagnostic Report for FR
2019-11-18 15:43:50,583 INFO: Successfully Rename and Move SaleDiagnostic Report for FR
2019-11-18 15:44:59,295 INFO: Successfully Downloaded InventoryHealth Report for FR
2019-11-18 15:45:09,333 INFO: Successfully Rename and Move InventoryHealth Report for FR
2019-11-18 15:45:23,578 INFO: Successfully Switch to UnderArmourEurope(DE)
2019-11-18 15:46:40,353 INFO: Successfully Downloaded SaleDiagnostic Report for DE
2019-11-18 15:46:48,361 INFO: Successfully Rename and Move SaleDiagnostic Report for DE
2019-11-18 15:52:04,861 INFO: Folder created first log
2019-11-18 15:52:48,091 INFO: Successfully Login to Under Armour Europe
2019-11-18 15:53:01,526 INFO: Successfully Switch to UnderArmourEurope(FR)
2019-11-18 15:54:19,607 INFO: Successfully Downloaded SaleDiagnostic Report for FR
2019-11-18 15:54:25,618 INFO: Successfully Rename and Move SaleDiagnostic Report for FR
2019-11-18 15:55:35,398 INFO: Successfully Downloaded InventoryHealth Report for FR
2019-11-18 15:55:45,766 INFO: Successfully Rename and Move InventoryHealth Report for FR
2019-11-18 15:55:48,106 INFO: Successfully SignOut from Under Armour Europe
2019-11-18 15:55:48,108 INFO: Download Complete for Amazon Portal
2019-11-18 16:19:56,950 INFO: Folder created first log
2019-11-18 16:21:51,797 INFO: Folder created first log
2019-11-18 16:22:33,537 INFO: Successfully Login to Under Armour Europe
2019-11-18 16:22:47,613 INFO: Successfully Switch to UnderArmourEurope(FR)
2019-11-18 16:24:05,950 INFO: Successfully Downloaded SaleDiagnostic Report for FR
2019-11-18 16:24:11,964 INFO: Successfully Rename and Move SaleDiagnostic Report for FR
2019-11-18 16:25:20,610 INFO: Successfully Downloaded InventoryHealth Report for FR
2019-11-18 16:25:30,678 INFO: Successfully Rename and Move InventoryHealth Report for FR
2019-11-18 16:25:44,261 INFO: Successfully Switch to UnderArmourEurope(DE)
2019-11-18 16:27:03,386 INFO: Successfully Downloaded SaleDiagnostic Report for DE
2019-11-18 16:27:11,397 INFO: Successfully Rename and Move SaleDiagnostic Report for DE
2019-11-18 16:28:22,141 INFO: Successfully Downloaded InventoryHealth Report for DE
2019-11-18 16:35:50,717 INFO: Folder created first log
2019-11-18 16:36:32,711 INFO: Successfully Login to Under Armour Europe
2019-11-18 16:36:47,409 INFO: Successfully Switch to UnderArmourEurope(FR)
2019-11-18 16:38:07,482 INFO: Successfully Downloaded SaleDiagnostic Report for FR
2019-11-18 16:38:13,503 INFO: Successfully Rename and Move SaleDiagnostic Report for FR
2019-11-18 16:39:21,970 INFO: Successfully Downloaded InventoryHealth Report for FR
2019-11-18 16:42:00,886 INFO: Folder created first log
2019-11-18 16:42:42,996 INFO: Successfully Login to Under Armour Europe
2019-11-18 16:42:56,826 INFO: Successfully Switch to UnderArmourEurope(FR)
2019-11-18 16:44:16,988 INFO: Successfully Downloaded SaleDiagnostic Report for FR
2019-11-18 16:44:22,998 INFO: Successfully Rename and Move SaleDiagnostic Report for FR
2019-11-18 16:45:33,321 INFO: Successfully Downloaded InventoryHealth Report for FR
2019-11-18 16:45:43,509 INFO: Successfully Rename and Move InventoryHealth Report for FR
2019-11-18 16:45:43,556 INFO: Download Complete for Amazon Portal
