2019-12-11 12:22:34,017 INFO: Folder created.
2019-12-11 14:28:55,321 INFO: Folder created.
2019-12-11 14:29:12,006 INFO: Successfully SignIN.
2019-12-11 14:30:20,768 INFO: Folder created.
2019-12-11 15:52:47,550 INFO: Folder created.
2019-12-11 15:53:21,704 INFO: Successfully SignIN.
2019-12-11 15:55:12,311 INFO: Download sales Report Successfully for Basspro.
2019-12-11 15:58:40,558 INFO: Folder created.
2019-12-11 15:58:55,591 INFO: Successfully SignIN.
2019-12-11 16:00:46,761 INFO: Download sales Report Successfully for Basspro.
2019-12-11 16:00:49,800 INFO: Successfully Rename and Move sales Report for Basspro.
2019-12-11 16:02:41,039 INFO: Download sales Report Successfully for Cabelas.
2019-12-11 16:02:44,452 INFO: Successfully Rename and Move sales Report for Cabelas.
2019-12-11 16:04:34,258 INFO: Download Inventory Report Successfully for Basspro.
2019-12-11 16:24:24,355 INFO: Folder created.
2019-12-11 16:24:40,413 INFO: Successfully SignIN.
2019-12-11 16:26:30,755 INFO: Download sales Report Successfully for Basspro.
2019-12-11 16:26:34,256 INFO: Successfully Rename and Move sales Report for Basspro.
2019-12-11 16:28:25,180 INFO: Download sales Report Successfully for Cabelas.
2019-12-11 16:31:55,195 INFO: Folder created.
2019-12-11 16:32:13,560 INFO: Successfully SignIN.
2019-12-11 16:34:04,182 INFO: Download sales Report Successfully for Basspro.
2019-12-11 16:34:07,187 INFO: Successfully Rename and Move sales Report for Basspro.
2019-12-11 16:35:58,682 INFO: Download sales Report Successfully for Cabelas.
2019-12-11 16:36:02,349 INFO: Successfully Rename and Move sales Report for Cabelas.
2019-12-11 16:39:01,381 INFO: Download Inventory Report Successfully for Basspro.
2019-12-11 16:43:27,663 INFO: Folder created.
2019-12-11 16:43:43,815 INFO: Successfully SignIN.
2019-12-11 16:45:39,418 INFO: Download sales Report Successfully for Basspro.
2019-12-11 16:45:42,497 INFO: Successfully Rename and Move sales Report for Basspro.
2019-12-11 16:47:32,877 INFO: Download sales Report Successfully for Cabelas.
2019-12-11 16:47:35,899 INFO: Successfully Rename and Move sales Report for Cabelas.
2019-12-11 16:50:58,453 INFO: Download Inventory Report Successfully for Basspro.
2019-12-11 16:51:01,457 INFO: Successfully Rename and Move Inventory Report for Basspro.
2019-12-11 16:54:29,353 INFO: Download Inventory Report Successfully for Cabelas.
2019-12-11 16:54:32,372 INFO: Successfully Rename and Move inventory Report for Cabelas.
2019-12-11 16:54:32,373 INFO: Download Complete for Domo Portal
2019-12-11 16:54:45,356 INFO: Folder created.
2019-12-11 16:55:00,744 INFO: Successfully SignIN.
2019-12-11 17:30:00,055 INFO: Folder created.
2019-12-11 17:32:04,730 INFO: Folder created.
2019-12-11 17:32:22,208 INFO: Successfully SignIN.
2019-12-11 17:34:14,278 INFO: Download sales Report Successfully for Basspro.
2019-12-11 17:34:17,282 INFO: Successfully Rename and Move sales Report for Basspro.
2019-12-11 17:36:10,433 INFO: Download sales Report Successfully for Cabelas.
2019-12-11 17:36:14,088 INFO: Successfully Rename and Move sales Report for Cabelas.
2019-12-11 17:39:37,697 INFO: Download Inventory Report Successfully for Basspro.
2019-12-11 17:39:41,319 INFO: Successfully Rename and Move Inventory Report for Basspro.
2019-12-11 17:43:09,688 INFO: Download Inventory Report Successfully for Cabelas.
2019-12-11 17:43:12,706 INFO: Successfully Rename and Move inventory Report for Cabelas.
2019-12-11 17:43:12,707 INFO: Download Complete for Domo Portal
