2020-01-07 10:38:10,054 INFO: Folder created For DomoPortal.
2020-01-07 10:38:28,190 INFO: Successfully SignIN To Wolverine.
2020-01-07 10:40:38,816 INFO: Download sales Report Successfully for Basspro.
2020-01-07 10:40:41,873 INFO: Successfully Rename and Move sales Report for Basspro.
2020-01-07 10:42:54,831 INFO: Download sales Report Successfully for Cabelas.
2020-01-07 10:42:57,865 INFO: Successfully Rename and Move sales Report for Cabelas.
2020-01-07 10:46:01,199 INFO: Download Inventory Report Successfully for Basspro.
2020-01-07 10:46:04,240 INFO: Successfully Rename and Move Inventory Report for Basspro.
2020-01-07 10:49:20,100 INFO: Download Inventory Report Successfully for Cabelas.
2020-01-07 10:49:23,144 INFO: Successfully Rename and Move inventory Report for Cabelas.
2020-01-07 10:49:26,015 INFO: Successfully Signout.
2020-01-07 10:49:26,016 INFO:  DONE WITH WOLVERINE.None
2020-01-07 10:49:38,003 INFO: Successfully SignIN To GearAid.
2020-01-07 10:51:53,853 INFO: Download sales Report Successfully for Basspro.
2020-01-07 10:51:56,896 INFO: Successfully Rename and Move sales Report for Basspro.
2020-01-07 10:54:17,965 INFO: Download sales Report Successfully for Cabelas.
2020-01-07 10:54:21,008 INFO: Successfully Rename and Move sales Report for Cabelas.
2020-01-07 10:57:30,452 INFO: Download Inventory Report Successfully for Basspro.
2020-01-07 10:57:33,491 INFO: Successfully Rename and Move Inventory Report for Basspro.
2020-01-07 11:00:48,275 INFO: Download Inventory Report Successfully for Cabelas.
2020-01-07 11:00:51,324 INFO: Successfully Rename and Move inventory Report for Cabelas.
2020-01-07 11:00:55,924 INFO: Successfully Signout.
2020-01-07 11:00:55,925 INFO:  DONE WITH GEARAIDINC.None
2020-01-07 11:01:07,886 INFO: Successfully SignIN To GildanApparel.
2020-01-07 11:03:23,847 INFO: Download sales Report Successfully for Basspro.
2020-01-07 11:03:26,886 INFO: Successfully Rename and Move sales Report for Basspro.
2020-01-07 11:05:48,519 INFO: Download sales Report Successfully for Cabelas.
2020-01-07 11:05:51,562 INFO: Successfully Rename and Move sales Report for Cabelas.
2020-01-07 11:09:00,025 INFO: Download Inventory Report Successfully for Basspro.
2020-01-07 11:09:03,070 INFO: Successfully Rename and Move Inventory Report for Basspro.
2020-01-07 11:12:16,920 INFO: Download Inventory Report Successfully for Cabelas.
2020-01-07 11:12:19,966 INFO: Successfully Rename and Move inventory Report for Cabelas.
2020-01-07 11:12:22,858 INFO: Successfully Signout.
2020-01-07 11:12:22,858 INFO:  DONE WITH GILDANAPPAREL.None
2020-01-07 11:12:34,606 INFO: Successfully SignIN To MtnOps.
2020-01-07 11:14:50,400 INFO: Download sales Report Successfully for Basspro.
2020-01-07 11:14:53,452 INFO: Successfully Rename and Move sales Report for Basspro.
2020-01-07 11:17:09,435 INFO: Download sales Report Successfully for Cabelas.
2020-01-07 11:17:12,490 INFO: Successfully Rename and Move sales Report for Cabelas.
2020-01-07 11:20:20,547 INFO: Download Inventory Report Successfully for Basspro.
2020-01-07 11:20:23,597 INFO: Successfully Rename and Move Inventory Report for Basspro.
2020-01-07 11:23:37,184 INFO: Download Inventory Report Successfully for Cabelas.
2020-01-07 11:23:40,232 INFO: Successfully Rename and Move inventory Report for Cabelas.
2020-01-07 11:23:44,249 INFO: Successfully Signout.
2020-01-07 11:23:44,250 INFO:  DONE WITH MTNOPS.None
2020-01-07 11:23:56,190 INFO: Successfully SignIN To VistaOutdoor.
2020-01-07 11:26:12,663 INFO: Download sales Report Successfully for Basspro.
2020-01-07 11:26:15,708 INFO: Successfully Rename and Move sales Report for Basspro.
2020-01-07 11:28:34,822 INFO: Download sales Report Successfully for Cabelas.
2020-01-07 11:28:37,848 INFO: Successfully Rename and Move sales Report for Cabelas.
2020-01-07 11:31:41,719 INFO: Download Inventory Report Successfully for Basspro.
2020-01-07 11:31:44,863 INFO: Successfully Rename and Move Inventory Report for Basspro.
2020-01-07 11:34:53,074 INFO: Download Inventory Report Successfully for Cabelas.
2020-01-07 11:34:56,124 INFO: Successfully Rename and Move inventory Report for Cabelas.
2020-01-07 11:34:59,229 INFO: Successfully Signout.
2020-01-07 11:34:59,230 INFO:  DONE WITH VISTAOUTDOOR.None
2020-01-07 11:35:13,792 INFO: Successfully SignIN To AmericanAccessoriesInc.
2020-01-07 11:37:28,956 INFO: Download sales Report Successfully for Basspro.
2020-01-07 11:37:31,996 INFO: Successfully Rename and Move sales Report for Basspro.
2020-01-07 11:39:50,807 INFO: Download sales Report Successfully for Cabelas.
2020-01-07 11:39:53,869 INFO: Successfully Rename and Move sales Report for Cabelas.
2020-01-07 11:43:09,808 INFO: Download Inventory Report Successfully for Basspro.
2020-01-07 11:43:12,861 INFO: Successfully Rename and Move Inventory Report for Basspro.
2020-01-07 11:46:21,611 INFO: Download Inventory Report Successfully for Cabelas.
2020-01-07 11:46:24,663 INFO: Successfully Rename and Move inventory Report for Cabelas.
2020-01-07 11:46:29,478 INFO: Successfully Signout.
2020-01-07 11:46:29,479 INFO:  DONE WITH AMERICANACCESSORIESINC.None
2020-01-07 11:46:42,687 INFO: Successfully SignIN To BenchmadeKnifeCo.
2020-01-07 11:48:56,877 INFO: Download sales Report Successfully for Basspro.
2020-01-07 11:49:00,028 INFO: Successfully Rename and Move sales Report for Basspro.
2020-01-07 11:49:28,634 INFO: Message: element not interactable
  (Session info: chrome=79.0.3945.88)

2020-01-07 11:49:31,600 INFO: Successfully Signout.
2020-01-07 11:49:31,600 INFO:  DONE WITH BENCHMADEKNIFECO.Message: element not interactable
  (Session info: chrome=79.0.3945.88)

2020-01-07 11:49:44,844 INFO: Successfully SignIN To Chums.
2020-01-07 11:51:59,168 INFO: Download sales Report Successfully for Basspro.
2020-01-07 11:52:02,204 INFO: Successfully Rename and Move sales Report for Basspro.
2020-01-07 11:54:21,070 INFO: Download sales Report Successfully for Cabelas.
2020-01-07 11:54:24,112 INFO: Successfully Rename and Move sales Report for Cabelas.
2020-01-07 11:57:32,891 INFO: Download Inventory Report Successfully for Basspro.
2020-01-07 11:57:35,948 INFO: Successfully Rename and Move Inventory Report for Basspro.
2020-01-07 12:00:47,395 INFO: Download Inventory Report Successfully for Cabelas.
2020-01-07 12:00:50,454 INFO: Successfully Rename and Move inventory Report for Cabelas.
2020-01-07 12:00:53,816 INFO: Successfully Signout.
2020-01-07 12:00:53,817 INFO:  DONE WITH CHUMS.None
2020-01-07 12:01:06,886 INFO: Successfully SignIN To DrewBradyCompanyInc.
2020-01-07 12:03:19,629 INFO: Download sales Report Successfully for Basspro.
2020-01-07 12:03:22,674 INFO: Successfully Rename and Move sales Report for Basspro.
2020-01-07 12:05:35,257 INFO: Download sales Report Successfully for Cabelas.
2020-01-07 12:05:38,282 INFO: Successfully Rename and Move sales Report for Cabelas.
2020-01-07 12:08:39,199 INFO: Download Inventory Report Successfully for Basspro.
2020-01-07 12:08:42,218 INFO: Successfully Rename and Move Inventory Report for Basspro.
2020-01-07 12:11:48,369 INFO: Download Inventory Report Successfully for Cabelas.
2020-01-07 12:11:51,386 INFO: Successfully Rename and Move inventory Report for Cabelas.
2020-01-07 12:11:53,978 INFO: Successfully Signout.
2020-01-07 12:11:53,979 INFO:  DONE WITH DREWBRADYCOMPANYINC.None
2020-01-07 12:12:05,830 INFO: Successfully SignIN To TervisTumbler.
2020-01-07 12:14:14,653 INFO: Download sales Report Successfully for Basspro.
2020-01-07 12:14:17,685 INFO: Successfully Rename and Move sales Report for Basspro.
2020-01-07 12:16:30,132 INFO: Download sales Report Successfully for Cabelas.
2020-01-07 12:16:33,151 INFO: Successfully Rename and Move sales Report for Cabelas.
2020-01-07 12:19:36,290 INFO: Download Inventory Report Successfully for Basspro.
2020-01-07 12:19:39,309 INFO: Successfully Rename and Move Inventory Report for Basspro.
2020-01-07 12:22:45,324 INFO: Download Inventory Report Successfully for Cabelas.
2020-01-07 12:22:48,342 INFO: Successfully Rename and Move inventory Report for Cabelas.
2020-01-07 12:22:50,469 INFO: Successfully Signout.
2020-01-07 12:22:50,470 INFO:  DONE WITH TERVISTUMBLER.None
2020-01-07 12:23:02,088 INFO: Successfully SignIN To BuckGardnerCalls.
2020-01-07 12:25:08,875 INFO: Download sales Report Successfully for Basspro.
2020-01-07 12:25:11,891 INFO: Successfully Rename and Move sales Report for Basspro.
2020-01-07 12:27:23,727 INFO: Download sales Report Successfully for Cabelas.
2020-01-07 12:27:26,744 INFO: Successfully Rename and Move sales Report for Cabelas.
2020-01-07 12:30:28,242 INFO: Download Inventory Report Successfully for Basspro.
2020-01-07 12:30:31,260 INFO: Successfully Rename and Move Inventory Report for Basspro.
2020-01-07 12:33:40,212 INFO: Download Inventory Report Successfully for Cabelas.
2020-01-07 12:33:43,247 INFO: Successfully Rename and Move inventory Report for Cabelas.
2020-01-07 12:33:47,234 INFO: Successfully Signout.
2020-01-07 12:33:47,235 INFO:  DONE WITH BUCKGARDNERCALLS.None
2020-01-07 12:33:59,900 INFO: Successfully SignIN To Energizer.
2020-01-07 12:36:15,040 INFO: Download sales Report Successfully for Basspro.
2020-01-07 12:36:18,087 INFO: Successfully Rename and Move sales Report for Basspro.
2020-01-07 12:38:33,352 INFO: Download sales Report Successfully for Cabelas.
2020-01-07 12:38:36,407 INFO: Successfully Rename and Move sales Report for Cabelas.
2020-01-07 12:41:38,799 INFO: Download Inventory Report Successfully for Basspro.
2020-01-07 12:41:41,840 INFO: Successfully Rename and Move Inventory Report for Basspro.
2020-01-07 12:45:05,406 INFO: Download Inventory Report Successfully for Cabelas.
2020-01-07 12:45:08,453 INFO: Successfully Rename and Move inventory Report for Cabelas.
2020-01-07 12:45:11,193 INFO: Successfully Signout.
2020-01-07 12:45:11,194 INFO:  DONE WITH ENERGIZER.None
2020-01-07 12:45:22,937 INFO: Successfully SignIN To IndustrialRevolution.
2020-01-07 12:47:32,205 INFO: Download sales Report Successfully for Basspro.
2020-01-07 12:47:35,249 INFO: Successfully Rename and Move sales Report for Basspro.
2020-01-07 12:49:47,151 INFO: Download sales Report Successfully for Cabelas.
2020-01-07 12:49:50,172 INFO: Successfully Rename and Move sales Report for Cabelas.
2020-01-07 12:52:50,375 INFO: Download Inventory Report Successfully for Basspro.
2020-01-07 12:52:53,393 INFO: Successfully Rename and Move Inventory Report for Basspro.
2020-01-07 12:55:59,850 INFO: Download Inventory Report Successfully for Cabelas.
2020-01-07 12:56:02,867 INFO: Successfully Rename and Move inventory Report for Cabelas.
2020-01-07 12:56:06,166 INFO: Successfully Signout.
2020-01-07 12:56:06,167 INFO:  DONE WITH INDUSTRIALREVOLUTION.None
2020-01-07 12:56:17,825 INFO: Successfully SignIN To Camelback.
2020-01-07 12:58:26,957 INFO: Download sales Report Successfully for Basspro.
2020-01-07 12:58:29,976 INFO: Successfully Rename and Move sales Report for Basspro.
2020-01-07 13:00:42,462 INFO: Download sales Report Successfully for Cabelas.
2020-01-07 13:00:45,481 INFO: Successfully Rename and Move sales Report for Cabelas.
2020-01-07 13:03:45,926 INFO: Download Inventory Report Successfully for Basspro.
2020-01-07 13:03:48,946 INFO: Successfully Rename and Move Inventory Report for Basspro.
2020-01-07 13:06:58,214 INFO: Download Inventory Report Successfully for Cabelas.
2020-01-07 13:07:01,232 INFO: Successfully Rename and Move inventory Report for Cabelas.
2020-01-07 13:07:04,269 INFO: Successfully Signout.
2020-01-07 13:07:04,269 INFO:  DONE WITH CAMELBACK.None
2020-01-07 13:07:04,270 INFO: Download Complete for Domo Portal
2020-01-07 14:24:52,340 INFO: Folder created For DomoPortal.
2020-01-07 14:25:07,622 INFO: Successfully SignIN To BenchmadeKnifeCo.
2020-01-07 14:27:16,374 INFO: Download sales Report Successfully for Basspro.
2020-01-07 14:27:19,393 INFO: Successfully Rename and Move sales Report for Basspro.
2020-01-07 14:29:32,161 INFO: Download sales Report Successfully for Cabelas.
2020-01-07 14:29:35,198 INFO: Successfully Rename and Move sales Report for Cabelas.
2020-01-07 14:32:39,084 INFO: Download Inventory Report Successfully for Basspro.
2020-01-07 14:32:42,101 INFO: Successfully Rename and Move Inventory Report for Basspro.
2020-01-07 14:35:51,771 INFO: Download Inventory Report Successfully for Cabelas.
2020-01-07 14:35:54,787 INFO: Successfully Rename and Move inventory Report for Cabelas.
2020-01-07 14:35:57,883 INFO: Successfully Signout.
2020-01-07 14:35:57,884 INFO:  DONE WITH BENCHMADEKNIFECO.None
2020-01-07 14:35:57,884 INFO: Download Complete for Domo Portal
2020-01-07 14:36:07,597 INFO: Folder created For DomoPortal.
2020-01-07 14:36:56,866 INFO: Folder created For DomoPortal.
2020-01-07 14:37:14,112 INFO: Successfully SignIN To BenchmadeKnifeCo.
2020-01-07 14:39:28,310 INFO: Download sales Report Successfully for Basspro.
2020-01-07 14:39:31,328 INFO: Successfully Rename and Move sales Report for Basspro.
2020-01-07 14:41:43,910 INFO: Download sales Report Successfully for Cabelas.
2020-01-07 14:41:46,925 INFO: Successfully Rename and Move sales Report for Cabelas.
2020-01-07 14:44:44,152 INFO: Folder created For DomoPortal.
2020-01-07 14:45:01,182 INFO: Successfully SignIN To BenchmadeKnifeCo.
2020-01-07 14:47:17,004 INFO: Download sales Report Successfully for Basspro.
2020-01-07 14:47:20,023 INFO: Successfully Rename and Move sales Report for Basspro.
2020-01-07 14:49:33,662 INFO: Download sales Report Successfully for Cabelas.
2020-01-07 14:49:36,680 INFO: Successfully Rename and Move sales Report for Cabelas.
2020-01-07 14:52:40,130 INFO: Download Inventory Report Successfully for Basspro.
2020-01-07 14:52:43,146 INFO: Successfully Rename and Move Inventory Report for Basspro.
2020-01-07 14:55:49,091 INFO: Download Inventory Report Successfully for Cabelas.
2020-01-07 14:55:52,106 INFO: Successfully Rename and Move inventory Report for Cabelas.
2020-01-07 14:55:55,432 INFO: Successfully Signout.
2020-01-07 14:55:55,432 INFO:  DONE WITH BENCHMADEKNIFECO.None
2020-01-07 14:55:55,432 INFO: Download Complete for Domo Portal
