
2019-11-20 11:29:10,083 INFO: Folder created.
2019-11-20 11:29:10,083 INFO: Download Complete for Amazon Portal
2019-11-20 11:29:10,083 INFO: Download Complete for Amazon Portal
2019-11-20 11:29:28,764 INFO: Download Complete for Amazon Portal
2019-11-20 11:36:33,807 INFO: Folder created.
2019-11-20 11:36:33,808 INFO: Download Complete for Amazon Portal
2019-11-20 11:36:49,360 INFO: Download Complete for Amazon Portal
2019-11-20 11:52:01,230 INFO: Download Complete for Amazon Portal
2019-11-20 12:01:36,099 INFO: Folder created.
2019-11-20 12:01:36,099 INFO: Download Complete for Amazon Portal
2019-11-20 12:04:27,609 INFO: Folder created.
2019-11-20 12:04:27,609 INFO: Download Complete for Amazon Portal
2019-11-20 12:04:52,576 INFO: Folder created.
2019-11-20 12:04:52,576 INFO: Download Complete for Amazon Portal
2019-11-20 12:05:20,109 INFO: Folder created.
2019-11-20 12:05:20,110 INFO: Download Complete for Amazon Portal
2019-11-20 12:06:58,545 INFO: Folder created.
2019-11-20 12:06:58,545 INFO: Download Complete for Amazon Portal
2019-11-20 12:07:41,040 INFO: Folder created.
2019-11-20 12:07:41,041 INFO: Download Complete for Amazon Portal
2019-11-20 12:08:55,429 INFO: Folder created.
2019-11-20 12:08:55,429 INFO: Download Complete for Amazon Portal
2019-11-20 12:11:05,742 INFO: Folder created.
2019-11-20 12:11:05,743 INFO: Download Complete for Amazon Portal
2019-11-20 12:11:32,305 INFO: Folder created.
2019-11-20 12:11:32,306 INFO: Download Complete for Amazon Portal
2019-11-20 12:11:44,500 INFO: Folder created.
2019-11-20 12:11:44,501 INFO: Download Complete for Amazon Portal
2019-11-20 12:30:09,111 INFO: Folder created.
2019-11-20 12:30:09,111 INFO: Download Complete for Amazon Portal
2019-11-20 12:30:43,465 INFO: Folder created.
2019-11-20 12:30:43,465 INFO: Download Complete for Amazon Portal
2019-11-20 12:44:11,797 INFO: Folder created first log
2019-11-20 12:44:56,446 INFO: Successfully Login to Under Armour Europe
2019-11-20 12:45:10,910 INFO: Successfully Switch to UnderArmourEurope(FR)
2019-11-20 15:52:04,237 INFO: Folder created first log
2019-11-20 17:12:09,815 INFO: Folder created first log
2019-11-20 17:13:08,551 INFO: Folder created first log
2019-11-20 17:15:14,528 INFO: Folder created first log
