2019-12-17 13:38:42,246 INFO: Folder created.
2019-12-17 13:40:53,376 INFO: Folder created.
2019-12-17 13:41:09,198 INFO: Successfully SignIN To CarlZeiss.
2019-12-17 14:22:22,036 INFO: Folder created.
2019-12-17 14:24:04,152 INFO: Folder created.
2019-12-17 14:24:21,646 INFO: Successfully SignIN To CarlZeiss.
2019-12-17 16:12:29,993 INFO: Folder created.
2019-12-17 16:12:48,547 INFO: Successfully SignIN To CarlZeiss.
2019-12-17 16:27:56,990 INFO: Folder created For DomoPortal.
2019-12-17 16:28:53,668 INFO: Successfully SignIN To CarlZeiss.
2019-12-17 16:44:57,658 INFO: Folder created For DomoPortal.
2019-12-17 17:11:42,149 INFO: Folder created For DomoPortal.
2019-12-17 17:13:56,052 INFO: Successfully SignIN To CarlZeiss.
2019-12-17 17:50:09,609 INFO: Folder created For DomoPortal.
2019-12-17 17:50:32,188 INFO: Successfully SignIN To CarlZeiss.
2019-12-17 17:52:41,057 INFO: Download sales Report Successfully for Basspro.
2019-12-17 17:52:44,229 INFO: Successfully Rename and Move sales Report for Basspro.
2019-12-17 17:55:02,219 INFO: Download sales Report Successfully for Cabelas.
2019-12-17 17:55:05,268 INFO: Successfully Rename and Move sales Report for Cabelas.
2019-12-17 17:58:16,702 INFO: Download Inventory Report Successfully for Basspro.
2019-12-17 17:58:19,751 INFO: Successfully Rename and Move Inventory Report for Basspro.
2019-12-17 18:08:10,964 INFO: Folder created For DomoPortal.
2019-12-17 18:08:28,059 INFO: Successfully SignIN To CarlZeiss.
2019-12-17 18:10:34,725 INFO: Download sales Report Successfully for Basspro.
2019-12-17 18:10:38,575 INFO: Successfully Rename and Move sales Report for Basspro.
2019-12-17 18:12:55,640 INFO: Download sales Report Successfully for Cabelas.
2019-12-17 18:12:58,701 INFO: Successfully Rename and Move sales Report for Cabelas.
2019-12-17 18:16:03,935 INFO: Download Inventory Report Successfully for Basspro.
2019-12-17 18:16:06,987 INFO: Successfully Rename and Move Inventory Report for Basspro.
2019-12-17 18:19:22,509 INFO: Download Inventory Report Successfully for Cabelas.
2019-12-17 18:19:25,588 INFO: Successfully Rename and Move inventory Report for Cabelas.
2019-12-17 18:19:29,932 INFO: Successfully Signout.
2019-12-17 18:19:29,933 INFO:  DONE WITH CarlZeiss.
2019-12-17 18:19:29,935 INFO: Download Complete for Domo Portal
