2019-12-24 12:03:58,174 INFO: Folder created For DomoPortal.
2019-12-24 12:04:13,929 INFO: Successfully SignIN To Camelback.
2019-12-24 12:08:26,507 INFO: Folder created For DomoPortal.
2019-12-24 12:08:43,830 INFO: Successfully SignIN To Camelback.
2019-12-24 12:10:51,101 INFO: Folder created For DomoPortal.
2019-12-24 12:11:09,320 INFO: Successfully SignIN To Energizer.
2019-12-24 12:13:32,788 INFO: Folder created For DomoPortal.
2019-12-24 12:13:48,816 INFO: Successfully SignIN To Chums.
2019-12-24 12:14:45,225 INFO: Folder created For DomoPortal.
2019-12-24 12:15:01,403 INFO: Successfully SignIN To KeenFootwear.
2019-12-24 12:17:03,335 INFO: Folder created For DomoPortal.
2019-12-24 12:17:19,048 INFO: Successfully SignIN To IndustrialRevolution.
2019-12-24 12:18:18,698 INFO: Folder created For DomoPortal.
2019-12-24 12:18:35,219 INFO: Successfully SignIN To BuckGardnerCalls.
2019-12-24 12:21:09,959 INFO: Folder created For DomoPortal.
2019-12-24 12:21:25,733 INFO: Successfully SignIN To BenchmadeKnifeCo.
2019-12-24 12:24:00,653 INFO: Folder created For DomoPortal.
2019-12-24 12:24:16,487 INFO: Successfully SignIN To BenchmadeKnifeCo.
2019-12-24 12:36:30,477 INFO: Folder created For DomoPortal.
2019-12-24 12:36:47,264 INFO: Successfully SignIN To ColumbiaSportswear.
2019-12-24 12:38:59,896 INFO: Download sales Report Successfully for Basspro.
