2020-01-16 12:28:25,143 INFO: Folder created For DomoPortal.
2020-01-16 12:28:28,250 INFO: Message: no such window: target window already closed
from unknown error: web view not found
  (Session info: chrome=79.0.3945.117)

2020-01-16 12:28:28,254 ERROR: Exception:Message: no such window: target window already closed
from unknown error: web view not found
  (Session info: chrome=79.0.3945.117)

2020-01-16 12:28:28,255 INFO:  DONE WITH COLUMBIA SPORTWEAR.Message: no such window: target window already closed
from unknown error: web view not found
  (Session info: chrome=79.0.3945.117)

2020-01-16 12:28:28,822 INFO: Message: no such window: target window already closed
from unknown error: web view not found
  (Session info: chrome=79.0.3945.117)

2020-01-16 12:28:28,826 ERROR: Exception:Message: no such window: target window already closed
from unknown error: web view not found
  (Session info: chrome=79.0.3945.117)

2020-01-16 12:28:28,826 INFO:  DONE WITH CHUMS.Message: no such window: target window already closed
from unknown error: web view not found
  (Session info: chrome=79.0.3945.117)

2020-01-16 12:28:28,826 INFO: Download Complete for Domo Portal
2020-01-16 12:30:27,407 INFO: Folder created For DomoPortal.
2020-01-16 12:30:41,556 INFO: Message: chrome not reachable
  (Session info: chrome=79.0.3945.117)

2020-01-16 12:30:55,755 ERROR: Exception:Message: chrome not reachable
  (Session info: chrome=79.0.3945.117)

2020-01-16 12:30:55,755 INFO:  DONE WITH COLUMBIA SPORTWEAR.Message: chrome not reachable
  (Session info: chrome=79.0.3945.117)

2020-01-16 12:31:09,925 INFO: Message: chrome not reachable
  (Session info: chrome=79.0.3945.117)

2020-01-16 12:31:24,111 ERROR: Exception:Message: chrome not reachable
  (Session info: chrome=79.0.3945.117)

2020-01-16 12:31:24,111 INFO:  DONE WITH CHUMS.Message: chrome not reachable
  (Session info: chrome=79.0.3945.117)

2020-01-16 12:31:24,111 INFO: Download Complete for Domo Portal
2020-01-16 12:34:10,131 INFO: Folder created For DomoPortal.
2020-01-16 12:34:17,230 INFO: Message: no such window: target window already closed
from unknown error: web view not found
  (Session info: chrome=79.0.3945.117)

2020-01-16 12:34:17,237 ERROR: Exception:Message: no such window: target window already closed
from unknown error: web view not found
  (Session info: chrome=79.0.3945.117)

2020-01-16 12:34:17,240 INFO:  DONE WITH COLUMBIA SPORTWEAR.Message: no such window: target window already closed
from unknown error: web view not found
  (Session info: chrome=79.0.3945.117)

2020-01-16 12:34:17,250 INFO: Message: no such window: target window already closed
from unknown error: web view not found
  (Session info: chrome=79.0.3945.117)

2020-01-16 12:34:17,257 ERROR: Exception:Message: no such window: target window already closed
from unknown error: web view not found
  (Session info: chrome=79.0.3945.117)

2020-01-16 12:34:17,258 INFO:  DONE WITH CHUMS.Message: no such window: target window already closed
from unknown error: web view not found
  (Session info: chrome=79.0.3945.117)

2020-01-16 12:34:17,259 INFO: Download Complete for Domo Portal
2020-01-16 12:34:45,771 INFO: Folder created For DomoPortal.
2020-01-16 12:35:03,011 INFO: Successfully SignIN To ColumbiaSportswear.
2020-01-16 12:40:14,418 INFO: Folder created For DomoPortal.
2020-01-16 12:41:19,806 INFO: Folder created For DomoPortal.
2020-01-16 12:41:25,559 INFO: Message: no such window: target window already closed
from unknown error: web view not found
  (Session info: chrome=79.0.3945.117)

2020-01-16 12:41:25,568 ERROR: Exception:Message: no such window: target window already closed
from unknown error: web view not found
  (Session info: chrome=79.0.3945.117)

2020-01-16 12:41:25,569 INFO:  DONE WITH COLUMBIA SPORTWEAR.Message: no such window: target window already closed
from unknown error: web view not found
  (Session info: chrome=79.0.3945.117)

2020-01-16 12:41:25,590 INFO: Message: no such window: target window already closed
from unknown error: web view not found
  (Session info: chrome=79.0.3945.117)

2020-01-16 12:41:25,596 ERROR: Exception:Message: no such window: target window already closed
from unknown error: web view not found
  (Session info: chrome=79.0.3945.117)

2020-01-16 12:41:25,596 INFO:  DONE WITH CHUMS.Message: no such window: target window already closed
from unknown error: web view not found
  (Session info: chrome=79.0.3945.117)

2020-01-16 12:41:25,597 INFO: Download Complete for Domo Portal
2020-01-16 12:43:25,355 INFO: Folder created For DomoPortal.
2020-01-16 12:43:28,718 INFO: Message: no such window: target window already closed
from unknown error: web view not found
  (Session info: chrome=79.0.3945.117)

2020-01-16 12:43:28,720 ERROR: Exception:Message: no such window: target window already closed
from unknown error: web view not found
  (Session info: chrome=79.0.3945.117)

2020-01-16 12:43:28,720 INFO:  DONE WITH COLUMBIA SPORTWEAR.Message: no such window: target window already closed
from unknown error: web view not found
  (Session info: chrome=79.0.3945.117)

2020-01-16 12:43:28,725 INFO: Message: no such window: target window already closed
from unknown error: web view not found
  (Session info: chrome=79.0.3945.117)

2020-01-16 12:43:28,727 ERROR: Exception:Message: no such window: target window already closed
from unknown error: web view not found
  (Session info: chrome=79.0.3945.117)

2020-01-16 12:43:28,727 INFO:  DONE WITH CHUMS.Message: no such window: target window already closed
from unknown error: web view not found
  (Session info: chrome=79.0.3945.117)

2020-01-16 12:43:28,727 INFO: Download Complete for Domo Portal
2020-01-16 12:47:18,591 INFO: Folder created For DomoPortal.
2020-01-16 12:47:23,253 INFO: Message: no such window: target window already closed
from unknown error: web view not found
  (Session info: chrome=79.0.3945.117)

2020-01-16 12:47:23,262 ERROR: Exception:Message: no such window: target window already closed
from unknown error: web view not found
  (Session info: chrome=79.0.3945.117)

2020-01-16 12:47:23,262 INFO:  DONE WITH COLUMBIA SPORTWEAR.Message: no such window: target window already closed
from unknown error: web view not found
  (Session info: chrome=79.0.3945.117)

2020-01-16 12:47:23,273 INFO: Message: no such window: target window already closed
from unknown error: web view not found
  (Session info: chrome=79.0.3945.117)

2020-01-16 12:47:23,278 ERROR: Exception:Message: no such window: target window already closed
from unknown error: web view not found
  (Session info: chrome=79.0.3945.117)

2020-01-16 12:47:23,279 INFO:  DONE WITH CHUMS.Message: no such window: target window already closed
from unknown error: web view not found
  (Session info: chrome=79.0.3945.117)

2020-01-16 12:47:23,279 INFO: Download Complete for Domo Portal
2020-01-16 16:51:40,565 INFO: yes
2020-01-16 16:56:13,306 INFO: yes
2020-01-16 17:00:12,952 INFO: yes
2020-01-16 17:05:43,551 INFO: yes
2020-01-16 17:44:59,433 INFO: yes
2020-01-16 17:45:47,270 INFO: yes
2020-01-16 18:06:40,405 INFO:  in Login
2020-01-16 18:06:41,889 INFO: Login Done
2020-01-16 18:22:10,990 INFO:  in Login
2020-01-16 18:22:11,627 INFO: Login Done
