2020-05-05 11:30:32,475 INFO: Successfully LogIN .
2020-05-05 11:31:06,872 INFO: selected adatar for Utilization .
2020-05-05 11:31:11,369 INFO: Successfully Calculated Utilization for adatar .
2020-05-05 11:31:24,542 INFO: selected sadake for Utilization .
2020-05-05 11:31:28,968 INFO: Successfully Calculated Utilization for sadake .
2020-05-05 11:31:42,012 INFO: selected apawar2 for Utilization .
2020-05-05 11:31:46,441 INFO: Successfully Calculated Utilization for apawar2 .
2020-05-05 11:31:59,838 INFO: selected ainamdar for Utilization .
2020-05-05 11:32:04,326 INFO: Successfully Calculated Utilization for ainamdar .
2020-05-05 11:32:17,522 INFO: selected Ajay Choudhary for Utilization .
2020-05-05 11:32:21,876 INFO: Successfully Calculated Utilization for Ajay Choudhary .
2020-05-05 11:32:34,906 INFO: selected mkamble for Utilization .
2020-05-05 11:32:39,214 INFO: Successfully Calculated Utilization for mkamble .
2020-05-05 11:32:52,189 INFO: selected averma for Utilization .
2020-05-05 11:32:56,513 INFO: Successfully Calculated Utilization for averma .
2020-05-05 11:33:09,568 INFO: selected amane for Utilization .
2020-05-05 11:33:13,933 INFO: Successfully Calculated Utilization for amane .
2020-05-05 11:33:26,997 INFO: selected srathore for Utilization .
2020-05-05 11:33:31,335 INFO: Successfully Calculated Utilization for srathore .
2020-05-05 11:33:44,417 INFO: selected nmahala for Utilization .
2020-05-05 11:33:49,194 INFO: Successfully Calculated Utilization for nmahala .
2020-05-05 11:34:02,234 INFO: selected sswami for Utilization .
2020-05-05 11:34:06,565 INFO: Successfully Calculated Utilization for sswami .
2020-05-05 11:34:19,730 INFO: selected rchoudhari for Utilization .
2020-05-05 11:34:24,049 INFO: Successfully Calculated Utilization for rchoudhari .
2020-05-05 11:34:37,190 INFO: selected vtemkar for Utilization .
2020-05-05 11:34:41,603 INFO: Successfully Calculated Utilization for vtemkar .
2020-05-05 11:34:54,642 INFO: selected asarode for Utilization .
2020-05-05 11:34:59,035 INFO: Successfully Calculated Utilization for asarode .
2020-05-05 11:35:11,993 INFO: selected rkute for Utilization .
2020-05-05 11:35:16,358 INFO: Successfully Calculated Utilization for rkute .
2020-05-05 11:35:29,426 INFO: selected pshende for Utilization .
2020-05-05 11:35:33,751 INFO: Successfully Calculated Utilization for pshende .
2020-05-05 11:35:46,850 INFO: selected njalkote for Utilization .
2020-05-05 11:35:51,162 INFO: Successfully Calculated Utilization for njalkote .
2020-05-05 11:36:04,227 INFO: selected syadav for Utilization .
2020-05-05 11:36:08,639 INFO: Successfully Calculated Utilization for syadav .
2020-05-05 11:36:21,754 INFO: selected ssharma for Utilization .
2020-05-05 11:36:26,071 INFO: Successfully Calculated Utilization for ssharma .
2020-05-05 11:36:39,130 INFO: selected rsingh for Utilization .
2020-05-05 11:36:43,521 INFO: Successfully Calculated Utilization for rsingh .
2020-05-05 11:36:56,495 INFO: selected praut for Utilization .
2020-05-05 11:37:00,767 INFO: Successfully Calculated Utilization for praut .
2020-05-05 11:37:13,883 INFO: selected sjakkanawar for Utilization .
2020-05-05 11:37:18,198 INFO: Successfully Calculated Utilization for sjakkanawar .
2020-05-05 11:37:31,247 INFO: selected smishra2 for Utilization .
2020-05-05 11:37:35,675 INFO: Successfully Calculated Utilization for smishra2 .
2020-05-05 11:37:48,701 INFO: selected vsingh for Utilization .
2020-05-05 11:37:52,990 INFO: Successfully Calculated Utilization for vsingh .
2020-05-05 11:38:06,042 INFO: selected ymaurya for Utilization .
2020-05-05 11:38:10,468 INFO: Successfully Calculated Utilization for ymaurya .
2020-05-05 11:38:23,511 INFO: selected skumari2 for Utilization .
2020-05-05 11:38:27,769 INFO: Successfully Calculated Utilization for skumari2 .
2020-05-05 11:38:40,868 INFO: selected ktiwari for Utilization .
2020-05-05 11:38:45,306 INFO: Successfully Calculated Utilization for ktiwari .
2020-05-05 11:38:58,316 INFO: selected agurav for Utilization .
2020-05-05 11:39:02,809 INFO: Successfully Calculated Utilization for agurav .
2020-05-05 11:39:15,780 INFO: selected sshetty for Utilization .
2020-05-05 11:39:20,168 INFO: Successfully Calculated Utilization for sshetty .
2020-05-05 11:39:33,177 INFO: selected gpawar3 for Utilization .
2020-05-05 11:39:37,498 INFO: Successfully Calculated Utilization for gpawar3 .
2020-05-05 11:39:50,578 INFO: selected udhotre for Utilization .
2020-05-05 11:39:54,981 INFO: Successfully Calculated Utilization for udhotre .
2020-05-05 11:40:08,062 INFO: selected asalunkhe for Utilization .
2020-05-05 11:40:12,355 INFO: Successfully Calculated Utilization for asalunkhe .
2020-05-05 11:40:25,413 INFO: selected ashinde for Utilization .
2020-05-05 11:40:29,752 INFO: Successfully Calculated Utilization for ashinde .
2020-05-05 11:40:30,117 INFO: Successfully LogOut .
