2019-12-13 11:52:12,486 INFO: Folder created.
2019-12-13 11:52:43,252 INFO: Successfully SignIN To Beretta.
2019-12-13 11:54:42,332 INFO: Download sales Report Successfully for Basspro.
2019-12-13 11:54:45,609 INFO: Successfully Rename and Move sales Report for Basspro.
2019-12-13 11:56:48,206 INFO: Download sales Report Successfully for Cabelas.
2019-12-13 11:56:51,334 INFO: Successfully Rename and Move sales Report for Cabelas.
2019-12-13 12:00:24,891 INFO: Download Inventory Report Successfully for Basspro.
2019-12-13 12:00:27,946 INFO: Successfully Rename and Move Inventory Report for Basspro.
2019-12-13 12:04:08,443 INFO: Download Inventory Report Successfully for Cabelas.
2019-12-13 12:04:11,499 INFO: Successfully Rename and Move inventory Report for Cabelas.
2019-12-13 12:04:16,191 INFO: Successfully Signout.
2019-12-13 12:04:16,191 INFO:  DONE WITH BERETTA.
2019-12-13 12:04:28,340 INFO: Successfully SignIN To PureFishing.
2019-12-13 12:06:34,719 INFO: Download sales Report Successfully for Basspro.
2019-12-13 12:06:37,769 INFO: Successfully Rename and Move sales Report for Basspro.
2019-12-13 12:08:47,700 INFO: Download sales Report Successfully for Cabelas.
2019-12-13 12:08:50,750 INFO: Successfully Rename and Move sales Report for Cabelas.
2019-12-13 12:12:25,196 INFO: Download Inventory Report Successfully for Basspro.
2019-12-13 12:12:28,251 INFO: Successfully Rename and Move Inventory Report for Basspro.
2019-12-13 12:16:08,989 INFO: Download Inventory Report Successfully for Cabelas.
2019-12-13 12:16:12,180 INFO: Successfully Rename and Move inventory Report for Cabelas.
2019-12-13 12:45:22,423 INFO: Folder created.
2019-12-13 12:45:43,332 INFO: Successfully SignIN To Saxx.
2019-12-13 12:47:41,076 INFO: Download sales Report Successfully for Basspro.
2019-12-13 12:47:44,530 INFO: Successfully Rename and Move sales Report for Basspro.
2019-12-13 12:49:44,065 INFO: Download sales Report Successfully for Cabelas.
2019-12-13 12:49:47,106 INFO: Successfully Rename and Move sales Report for Cabelas.
2019-12-13 12:53:16,360 INFO: Download Inventory Report Successfully for Basspro.
2019-12-13 12:53:19,379 INFO: Successfully Rename and Move Inventory Report for Basspro.
2019-12-13 15:17:16,356 INFO: Folder created.
2019-12-13 15:17:41,834 INFO: Successfully SignIN To Yeti.
2019-12-13 15:19:45,390 INFO: Download sales Report Successfully for Basspro.
2019-12-13 15:19:48,472 INFO: Successfully Rename and Move sales Report for Basspro.
2019-12-13 15:21:48,209 INFO: Download sales Report Successfully for Cabelas.
2019-12-13 15:21:51,238 INFO: Successfully Rename and Move sales Report for Cabelas.
2019-12-13 15:25:20,714 INFO: Download Inventory Report Successfully for Basspro.
2019-12-13 15:25:23,743 INFO: Successfully Rename and Move Inventory Report for Basspro.
2019-12-13 15:29:00,115 INFO: Download Inventory Report Successfully for Cabelas.
2019-12-13 15:29:03,138 INFO: Successfully Rename and Move inventory Report for Cabelas.
2019-12-13 15:29:06,413 INFO: Successfully Signout.
2019-12-13 15:29:06,414 INFO:  DONE WITH YETI.
2019-12-13 15:29:18,389 INFO: Successfully SignIN To PelicanProducts.
2019-12-13 15:31:16,885 INFO: Download sales Report Successfully for Basspro.
2019-12-13 15:31:19,904 INFO: Successfully Rename and Move sales Report for Basspro.
2019-12-13 15:33:18,764 INFO: Download sales Report Successfully for Cabelas.
2019-12-13 15:33:21,782 INFO: Successfully Rename and Move sales Report for Cabelas.
2019-12-13 15:36:49,042 INFO: Download Inventory Report Successfully for Basspro.
2019-12-13 15:36:52,061 INFO: Successfully Rename and Move Inventory Report for Basspro.
2019-12-13 15:40:31,436 INFO: Download Inventory Report Successfully for Cabelas.
2019-12-13 15:40:34,454 INFO: Successfully Rename and Move inventory Report for Cabelas.
2019-12-13 15:40:38,409 INFO: Successfully Signout.
2019-12-13 15:40:38,409 INFO:  DONE WITH PELICANPRODUCTS.
2019-12-13 15:40:51,943 INFO: Successfully SignIN To GFiveOutdoors.
2019-12-13 15:42:49,566 INFO: Download sales Report Successfully for Basspro.
2019-12-13 15:42:53,180 INFO: Successfully Rename and Move sales Report for Basspro.
2019-12-13 15:44:53,012 INFO: Download sales Report Successfully for Cabelas.
2019-12-13 15:44:56,030 INFO: Successfully Rename and Move sales Report for Cabelas.
2019-12-13 15:47:36,507 INFO: Folder created.
2019-12-13 15:47:57,328 INFO: Successfully SignIN To GFiveOutdoors.
2019-12-13 15:49:59,313 INFO: Download sales Report Successfully for Basspro.
2019-12-13 15:50:02,597 INFO: Successfully Rename and Move sales Report for Basspro.
2019-12-13 15:52:01,326 INFO: Download sales Report Successfully for Cabelas.
2019-12-13 15:52:04,519 INFO: Successfully Rename and Move sales Report for Cabelas.
2019-12-13 15:55:41,345 INFO: Download Inventory Report Successfully for Basspro.
2019-12-13 15:55:44,364 INFO: Successfully Rename and Move Inventory Report for Basspro.
2019-12-13 15:59:30,245 INFO: Download Inventory Report Successfully for Cabelas.
2019-12-13 15:59:33,262 INFO: Successfully Rename and Move inventory Report for Cabelas.
2019-12-13 15:59:36,882 INFO: Successfully Signout.
2019-12-13 15:59:36,882 INFO:  DONE WITH GFIVEOUTDOORS.
2019-12-13 15:59:49,403 INFO: Successfully SignIN To LacrosseFootwear.
2019-12-13 16:01:45,996 INFO: Download sales Report Successfully for Basspro.
2019-12-13 16:01:49,015 INFO: Successfully Rename and Move sales Report for Basspro.
2019-12-13 16:03:50,909 INFO: Download sales Report Successfully for Cabelas.
2019-12-13 16:03:53,928 INFO: Successfully Rename and Move sales Report for Cabelas.
2019-12-13 16:07:34,440 INFO: Download Inventory Report Successfully for Basspro.
2019-12-13 16:07:37,933 INFO: Successfully Rename and Move Inventory Report for Basspro.
2019-12-13 16:11:25,382 INFO: Download Inventory Report Successfully for Cabelas.
2019-12-13 16:11:28,402 INFO: Successfully Rename and Move inventory Report for Cabelas.
2019-12-13 16:11:32,868 INFO: Successfully Signout.
2019-12-13 16:11:32,868 INFO:  DONE WITH LACROSSEFOOTWEAR.
2019-12-13 16:11:45,225 INFO: Successfully SignIN To UnderArmour.
2019-12-13 16:13:42,308 INFO: Download sales Report Successfully for Basspro.
2019-12-13 16:13:45,332 INFO: Successfully Rename and Move sales Report for Basspro.
2019-12-13 16:15:45,895 INFO: Download sales Report Successfully for Cabelas.
2019-12-13 16:15:48,914 INFO: Successfully Rename and Move sales Report for Cabelas.
2019-12-13 16:19:29,794 INFO: Download Inventory Report Successfully for Basspro.
2019-12-13 16:19:32,836 INFO: Successfully Rename and Move Inventory Report for Basspro.
2019-12-13 16:23:22,466 INFO: Download Inventory Report Successfully for Cabelas.
2019-12-13 16:23:25,486 INFO: Successfully Rename and Move inventory Report for Cabelas.
2019-12-13 16:23:28,080 INFO: Successfully Signout.
2019-12-13 16:23:28,080 INFO:  DONE WITH UNDERARMOUR.
2019-12-13 16:23:28,081 INFO: Download Complete for Domo Portal
