2019-12-04 10:44:09,625 INFO: Folder created.
2019-12-04 10:44:21,306 INFO: Download Complete for Domo Portal
2019-12-04 10:44:31,427 INFO: Folder created.
2019-12-04 10:44:38,955 INFO: Download Complete for Domo Portal
2019-12-04 10:50:41,381 INFO: Folder created.
2019-12-04 11:22:38,850 INFO: Folder created.
2019-12-04 11:22:44,687 INFO: Download Complete for Domo Portal
2019-12-04 11:22:50,324 INFO: Folder created.
2019-12-04 11:22:59,266 INFO: Download Complete for Domo Portal
2019-12-04 11:24:30,772 INFO: Folder created.
2019-12-04 11:24:47,656 INFO: Download Complete for Domo Portal
2019-12-04 11:24:53,374 INFO: Folder created.
2019-12-04 11:25:00,964 INFO: Download Complete for Domo Portal
2019-12-04 11:25:54,816 INFO: Folder created.
2019-12-04 11:26:01,509 INFO: Download Complete for Domo Portal
2019-12-04 11:47:08,322 INFO: Folder created.
2019-12-04 11:47:35,275 INFO: Download Complete for Domo Portal
2019-12-04 12:19:59,263 INFO: Folder created.
2019-12-04 12:20:27,780 INFO: Download Complete for Domo Portal
2019-12-04 12:20:33,831 INFO: Folder created.
2019-12-04 12:20:44,131 ERROR: NO Supplier is There.
2019-12-04 12:25:22,464 INFO: Folder created.
2019-12-04 12:26:21,534 ERROR: NO Supplier is There.
2019-12-04 12:26:22,041 INFO: Download Complete for Domo Portal
2019-12-04 12:26:27,404 INFO: Folder created.
2019-12-04 12:28:03,794 INFO: Folder created.
2019-12-04 12:28:51,043 ERROR: NO Supplier is There.
2019-12-04 12:28:52,003 INFO: Download Complete for Domo Portal
2019-12-04 12:44:35,613 INFO: Folder created.
2019-12-04 12:45:02,438 INFO: Successfully SignIN.
2019-12-04 12:45:03,391 ERROR: Please Enter Report.
2019-12-04 12:45:03,391 INFO: Download Complete for Domo Portal
2019-12-04 12:45:09,323 INFO: Folder created.
2019-12-04 12:45:38,039 INFO: Successfully SignIN.
2019-12-04 12:45:38,968 ERROR: Please Enter Report.
2019-12-04 12:45:38,968 INFO: Download Complete for Domo Portal
2019-12-04 12:47:02,969 INFO: Folder created.
2019-12-04 12:47:36,185 INFO: Successfully SignIN.
2019-12-04 12:47:37,128 ERROR: Please Enter Report.
2019-12-04 12:47:37,128 INFO: Download Complete for Domo Portal
2019-12-04 12:47:42,895 INFO: Folder created.
2019-12-04 12:48:19,483 INFO: Successfully SignIN.
2019-12-04 12:48:33,587 ERROR: Please Enter Report.
2019-12-04 12:48:33,587 INFO: Download Complete for Domo Portal
2019-12-04 12:54:28,396 INFO: Folder created.
2019-12-04 12:54:57,090 INFO: Successfully SignIN.
2019-12-04 12:54:59,556 ERROR: Please Enter Report.
2019-12-04 12:54:59,556 INFO: Download Complete for Domo Portal
2019-12-04 14:10:14,358 INFO: Folder created.
2019-12-04 14:10:41,523 INFO: Successfully SignIN.
2019-12-04 14:10:44,057 ERROR: Please Enter Report.
2019-12-04 14:10:44,057 INFO: Download Complete for Domo Portal
2019-12-04 14:10:52,110 INFO: Folder created.
2019-12-04 14:11:23,516 INFO: Successfully SignIN.
2019-12-04 14:11:26,213 ERROR: Please Enter Report.
2019-12-04 14:11:26,213 INFO: Download Complete for Domo Portal
2019-12-04 14:13:52,704 INFO: Folder created.
2019-12-04 14:15:32,272 INFO: Folder created.
2019-12-04 14:15:58,944 INFO: Successfully SignIN.
2019-12-04 14:16:15,717 ERROR: Please Enter Report.
2019-12-04 14:16:15,717 INFO: Download Complete for Domo Portal
2019-12-04 14:16:21,635 INFO: Folder created.
2019-12-04 14:22:49,505 INFO: Folder created.
2019-12-04 14:23:08,754 INFO: Successfully SignIN.
2019-12-04 14:23:10,260 ERROR: Please Enter Report.
2019-12-04 14:23:10,260 INFO: Download Complete for Domo Portal
2019-12-04 14:23:16,769 INFO: Folder created.
2019-12-04 14:23:40,216 INFO: Successfully SignIN.
2019-12-04 14:23:41,857 ERROR: Please Enter Report.
2019-12-04 14:23:41,857 INFO: Download Complete for Domo Portal
2019-12-04 14:24:44,382 INFO: Folder created.
2019-12-04 14:25:15,747 INFO: Successfully SignIN.
2019-12-04 14:25:17,862 ERROR: Please Enter Report.
2019-12-04 14:25:17,862 INFO: Download Complete for Domo Portal
2019-12-04 14:25:23,589 INFO: Folder created.
2019-12-04 14:25:40,790 INFO: Successfully SignIN.
2019-12-04 14:25:43,306 ERROR: Please Enter Report.
2019-12-04 14:25:43,306 INFO: Download Complete for Domo Portal
2019-12-04 14:29:38,691 INFO: Folder created.
2019-12-04 14:30:03,545 INFO: Successfully SignIN.
2019-12-04 14:30:05,520 ERROR: Please Enter Report.
2019-12-04 14:30:05,520 INFO: Download Complete for Domo Portal
2019-12-04 14:30:10,979 INFO: Folder created.
2019-12-04 14:32:49,447 INFO: Folder created.
2019-12-04 14:33:06,388 INFO: Successfully SignIN.
2019-12-04 14:33:08,707 ERROR: Please Enter Report.
2019-12-04 14:33:08,708 INFO: Download Complete for Domo Portal
2019-12-04 14:33:14,229 INFO: Folder created.
2019-12-04 14:34:00,342 INFO: Folder created.
2019-12-04 14:38:10,620 INFO: Folder created.
2019-12-04 14:38:29,969 INFO: Successfully SignIN.
2019-12-04 14:38:32,705 ERROR: Please Enter Report.
2019-12-04 14:38:32,705 INFO: Download Complete for Domo Portal
2019-12-04 14:38:38,404 INFO: Folder created.
2019-12-04 14:38:54,726 INFO: Successfully SignIN.
2019-12-04 14:38:56,399 ERROR: Please Enter Report.
2019-12-04 14:38:56,399 INFO: Download Complete for Domo Portal
2019-12-04 14:45:50,779 INFO: Folder created.
2019-12-04 14:46:07,952 INFO: Successfully SignIN.
2019-12-04 14:46:12,102 ERROR: Please Enter Report.
2019-12-04 14:46:12,102 INFO: Download Complete for Domo Portal
2019-12-04 14:46:21,128 INFO: Folder created.
2019-12-04 14:51:14,838 INFO: Folder created.
2019-12-04 14:51:32,190 INFO: Successfully SignIN.
2019-12-04 14:51:34,671 ERROR: Please Enter Report.
2019-12-04 14:51:34,671 INFO: Download Complete for Domo Portal
2019-12-04 14:51:40,744 INFO: Folder created.
2019-12-04 14:51:59,770 INFO: Successfully SignIN.
2019-12-04 14:52:05,579 ERROR: Please Enter Report.
2019-12-04 14:52:05,579 INFO: Download Complete for Domo Portal
