2019-12-10 09:51:48,551 INFO: Folder created.
2019-12-10 09:52:10,801 INFO: Successfully SignIN.
2019-12-10 10:27:59,415 INFO: Folder created.
2019-12-10 10:28:15,494 INFO: Successfully SignIN.
2019-12-10 10:44:01,743 INFO: Folder created.
2019-12-10 10:44:18,291 INFO: Successfully SignIN.
2019-12-10 10:53:38,085 INFO: Folder created.
2019-12-10 10:53:55,436 INFO: Successfully SignIN.
2019-12-10 10:57:27,537 INFO: Download Complete for Domo Portal
2019-12-10 10:57:40,950 INFO: Folder created.
2019-12-10 10:57:59,800 INFO: Successfully SignIN.
2019-12-10 10:59:36,711 INFO: Folder created.
2019-12-10 11:09:39,299 INFO: Folder created.
2019-12-10 11:11:24,242 INFO: Folder created.
2019-12-10 11:11:54,069 INFO: Folder created.
2019-12-10 11:12:29,468 INFO: Folder created.
2019-12-10 11:16:29,629 INFO: Folder created.
2019-12-10 11:18:40,332 INFO: Folder created.
2019-12-10 11:18:57,306 INFO: Successfully SignIN.
2019-12-10 11:22:31,895 INFO: Download Complete for Domo Portal
2019-12-10 11:26:56,602 INFO: Folder created.
2019-12-10 11:27:37,438 INFO: Folder created.
2019-12-10 11:30:53,216 INFO: Folder created.
2019-12-10 11:31:09,309 INFO: Successfully SignIN.
2019-12-10 11:34:48,434 INFO: Download Complete for Domo Portal
2019-12-10 11:34:59,981 INFO: Folder created.
2019-12-10 11:35:17,524 INFO: Successfully SignIN.
2019-12-10 11:41:54,114 INFO: Folder created.
2019-12-10 11:47:15,923 INFO: Folder created.
2019-12-10 11:47:33,614 INFO: Successfully SignIN.
2019-12-10 11:51:18,429 INFO: Download Complete for Domo Portal
2019-12-10 11:53:14,429 INFO: Folder created.
2019-12-10 11:53:32,585 INFO: Successfully SignIN.
2019-12-10 12:00:48,723 INFO: Folder created.
2019-12-10 12:08:01,426 INFO: Folder created.
2019-12-10 12:08:17,396 INFO: Successfully SignIN.
2019-12-10 12:15:44,513 INFO: Folder created.
2019-12-10 12:16:02,049 INFO: Successfully SignIN.
2019-12-10 12:18:35,361 INFO: Folder created.
2019-12-10 12:18:52,234 INFO: Successfully SignIN.
2019-12-10 12:19:42,479 INFO: Download Inventory Report Successfully for Basspro.
2019-12-10 12:25:45,044 INFO: Folder created.
2019-12-10 12:26:00,873 INFO: Successfully SignIN.
2019-12-10 12:26:52,554 INFO: Download Inventory Report Successfully for Basspro.
2019-12-10 12:27:31,908 INFO: Download Inventory Report Successfully for Cabelas.
2019-12-10 12:27:31,908 INFO: Download Complete for Domo Portal
2019-12-10 12:28:39,333 INFO: Folder created.
2019-12-10 12:28:56,381 INFO: Successfully SignIN.
2019-12-10 12:31:13,269 INFO: Folder created.
2019-12-10 12:31:29,185 INFO: Successfully SignIN.
2019-12-10 12:32:18,536 INFO: Download Inventory Report Successfully for Basspro.
2019-12-10 12:34:31,139 INFO: Folder created.
2019-12-10 12:34:47,592 INFO: Successfully SignIN.
2019-12-10 12:35:48,009 INFO: Download Inventory Report Successfully for Cabelas.
2019-12-10 12:35:48,009 INFO: Download Complete for Domo Portal
2019-12-10 12:35:59,651 INFO: Folder created.
2019-12-10 12:36:16,538 INFO: Successfully SignIN.
2019-12-10 12:37:15,404 INFO: Download Inventory Report Successfully for Cabelas.
2019-12-10 12:37:15,405 INFO: Download Complete for Domo Portal
2019-12-10 13:46:44,515 INFO: Folder created.
2019-12-10 13:47:03,516 INFO: Successfully SignIN.
