2020-04-07 10:56:45,083 INFO: Successfully LogIN .
2020-04-07 10:57:19,818 INFO: selected adatar for Utilization .
2020-04-07 10:57:24,590 INFO: Successfully Calculated Utilization for adatar .
2020-04-07 10:57:37,636 INFO: selected sadake for Utilization .
2020-04-07 10:57:42,024 INFO: Successfully Calculated Utilization for sadake .
2020-04-07 10:57:55,263 INFO: selected apawar2 for Utilization .
2020-04-07 10:57:59,723 INFO: Successfully Calculated Utilization for apawar2 .
2020-04-07 10:58:12,883 INFO: selected ainamdar for Utilization .
2020-04-07 10:58:17,313 INFO: Successfully Calculated Utilization for ainamdar .
2020-04-07 10:58:30,531 INFO: selected Ajay Choudhary for Utilization .
2020-04-07 10:58:34,848 INFO: Successfully Calculated Utilization for Ajay Choudhary .
2020-04-07 10:58:47,991 INFO: selected mkamble for Utilization .
2020-04-07 10:58:52,395 INFO: Successfully Calculated Utilization for mkamble .
2020-04-07 10:59:05,470 INFO: selected averma for Utilization .
2020-04-07 10:59:09,907 INFO: Successfully Calculated Utilization for averma .
2020-04-07 10:59:22,975 INFO: selected amane for Utilization .
2020-04-07 10:59:27,409 INFO: Successfully Calculated Utilization for amane .
2020-04-07 10:59:40,836 INFO: selected srathore for Utilization .
2020-04-07 10:59:45,257 INFO: Successfully Calculated Utilization for srathore .
2020-04-07 10:59:58,373 INFO: selected nmahala for Utilization .
2020-04-07 11:00:02,885 INFO: Successfully Calculated Utilization for nmahala .
2020-04-07 11:00:15,960 INFO: selected sswami for Utilization .
2020-04-07 11:00:20,411 INFO: Successfully Calculated Utilization for sswami .
2020-04-07 11:00:33,574 INFO: selected rchoudhari for Utilization .
2020-04-07 11:00:37,878 INFO: Successfully Calculated Utilization for rchoudhari .
2020-04-07 11:00:51,001 INFO: selected vtemkar for Utilization .
2020-04-07 11:00:55,382 INFO: Successfully Calculated Utilization for vtemkar .
2020-04-07 11:01:08,500 INFO: selected asarode for Utilization .
2020-04-07 11:01:12,810 INFO: Successfully Calculated Utilization for asarode .
2020-04-07 11:01:25,779 INFO: selected rkute for Utilization .
2020-04-07 11:01:30,058 INFO: Successfully Calculated Utilization for rkute .
2020-04-07 11:01:43,344 INFO: selected pshende for Utilization .
2020-04-07 11:01:47,819 INFO: Successfully Calculated Utilization for pshende .
2020-04-07 11:02:00,909 INFO: selected njalkote for Utilization .
2020-04-07 11:02:05,204 INFO: Successfully Calculated Utilization for njalkote .
2020-04-07 11:02:18,212 INFO: selected syadav for Utilization .
2020-04-07 11:02:22,479 INFO: Successfully Calculated Utilization for syadav .
2020-04-07 11:02:35,505 INFO: selected ssharma for Utilization .
2020-04-07 11:02:39,876 INFO: Successfully Calculated Utilization for ssharma .
2020-04-07 11:02:52,978 INFO: selected rsingh for Utilization .
2020-04-07 11:02:57,284 INFO: Successfully Calculated Utilization for rsingh .
2020-04-07 11:03:10,302 INFO: selected praut for Utilization .
2020-04-07 11:03:14,650 INFO: Successfully Calculated Utilization for praut .
2020-04-07 11:03:27,786 INFO: selected sjakkanawar for Utilization .
2020-04-07 11:03:32,156 INFO: Successfully Calculated Utilization for sjakkanawar .
2020-04-07 11:03:45,267 INFO: selected smishra2 for Utilization .
2020-04-07 11:03:49,849 INFO: Successfully Calculated Utilization for smishra2 .
2020-04-07 11:04:02,950 INFO: selected vsingh for Utilization .
2020-04-07 11:04:07,272 INFO: Successfully Calculated Utilization for vsingh .
2020-04-07 11:04:20,384 INFO: selected ymaurya for Utilization .
2020-04-07 11:04:24,753 INFO: Successfully Calculated Utilization for ymaurya .
2020-04-07 11:04:37,831 INFO: selected skumari2 for Utilization .
2020-04-07 11:04:42,202 INFO: Successfully Calculated Utilization for skumari2 .
2020-04-07 11:04:55,268 INFO: selected ktiwari for Utilization .
2020-04-07 11:04:59,602 INFO: Successfully Calculated Utilization for ktiwari .
2020-04-07 11:05:12,689 INFO: selected agurav for Utilization .
2020-04-07 11:05:17,055 INFO: Successfully Calculated Utilization for agurav .
2020-04-07 11:05:30,026 INFO: selected sshetty for Utilization .
2020-04-07 11:05:34,334 INFO: Successfully Calculated Utilization for sshetty .
2020-04-07 11:05:47,355 INFO: selected gpawar3 for Utilization .
2020-04-07 11:05:51,750 INFO: Successfully Calculated Utilization for gpawar3 .
2020-04-07 11:06:04,774 INFO: selected udhotre for Utilization .
2020-04-07 11:06:09,122 INFO: Successfully Calculated Utilization for udhotre .
2020-04-07 11:06:22,268 INFO: selected asalunkhe for Utilization .
2020-04-07 11:06:26,577 INFO: Successfully Calculated Utilization for asalunkhe .
2020-04-07 11:06:39,641 INFO: selected ashinde for Utilization .
2020-04-07 11:06:44,017 INFO: Successfully Calculated Utilization for ashinde .
2020-04-07 11:06:44,984 INFO: Successfully LogOut .
