2020-02-25 10:34:58,744 INFO: Folder created For DomoPortal.
2020-02-25 10:35:08,653 INFO: Successfully SignIN To ColumbiaSportswear.
2020-02-25 10:36:57,548 INFO: Download sales Report Successfully for Basspro.
2020-02-25 10:37:00,800 INFO: Successfully Rename and Move sales Report for Basspro.
2020-02-25 10:38:52,778 INFO: Download sales Report Successfully for Cabelas.
2020-02-25 10:38:55,830 INFO: Successfully Rename and Move sales Report for Cabelas.
2020-02-25 10:42:27,425 INFO: Download Inventory Report Successfully for Basspro.
2020-02-25 10:42:30,482 INFO: Successfully Rename and Move Inventory Report for Basspro.
2020-02-25 10:45:58,733 INFO: Download Inventory Report Successfully for Cabelas.
2020-02-25 10:46:01,772 INFO: Successfully Rename and Move inventory Report for Cabelas.
2020-02-25 10:46:04,653 INFO: Successfully Signout.
2020-02-25 10:46:04,653 INFO:  DONE WITH COLUMBIA SPORTWEAR.None
2020-02-25 10:46:06,549 INFO: Successfully SignIN To CarlZeiss.
2020-02-25 10:48:04,953 INFO: Message: 

2020-02-25 10:48:04,969 ERROR: Exception:Message: no such element: Unable to locate element: {"method":"xpath","selector":"//*[@id="NotificationsPopoverToggle"]/div/div/span/div/div/img"}
  (Session info: chrome=80.0.3987.122)

2020-02-25 10:48:04,969 INFO:  DONE WITH CarlZeiss.Message: 

2020-02-25 10:48:08,278 INFO: Successfully SignIN To GildanApparel.
2020-02-25 10:50:01,690 INFO: Download sales Report Successfully for Basspro.
2020-02-25 10:50:04,733 INFO: Successfully Rename and Move sales Report for Basspro.
2020-02-25 10:51:56,338 INFO: Download sales Report Successfully for Cabelas.
2020-02-25 10:51:59,382 INFO: Successfully Rename and Move sales Report for Cabelas.
2020-02-25 10:53:35,901 INFO: Download Inventory Report Successfully for Basspro.
2020-02-25 10:53:38,951 INFO: Successfully Rename and Move Inventory Report for Basspro.
2020-02-25 10:55:15,611 INFO: Download Inventory Report Successfully for Cabelas.
2020-02-25 10:55:18,655 INFO: Successfully Rename and Move inventory Report for Cabelas.
2020-02-25 10:55:25,662 INFO: Successfully Signout.
2020-02-25 10:55:25,663 INFO:  DONE WITH GILDANAPPAREL.None
2020-02-25 10:55:29,245 INFO: Successfully SignIN To MtnOps.
2020-02-25 10:57:18,708 INFO: Download sales Report Successfully for Basspro.
2020-02-25 10:57:21,749 INFO: Successfully Rename and Move sales Report for Basspro.
2020-02-25 10:59:12,864 INFO: Download sales Report Successfully for Cabelas.
2020-02-25 10:59:15,908 INFO: Successfully Rename and Move sales Report for Cabelas.
2020-02-25 11:00:51,220 INFO: Download Inventory Report Successfully for Basspro.
2020-02-25 11:00:54,266 INFO: Successfully Rename and Move Inventory Report for Basspro.
2020-02-25 11:02:30,137 INFO: Download Inventory Report Successfully for Cabelas.
2020-02-25 11:02:33,191 INFO: Successfully Rename and Move inventory Report for Cabelas.
2020-02-25 11:02:36,458 INFO: Successfully Signout.
2020-02-25 11:02:36,458 INFO:  DONE WITH MTNOPS.None
2020-02-25 11:02:38,440 INFO: Successfully SignIN To VistaOutdoor.
2020-02-25 11:04:31,013 INFO: Download sales Report Successfully for Basspro.
2020-02-25 11:04:34,054 INFO: Successfully Rename and Move sales Report for Basspro.
2020-02-25 11:06:30,781 INFO: Download sales Report Successfully for Cabelas.
2020-02-25 11:06:33,844 INFO: Successfully Rename and Move sales Report for Cabelas.
2020-02-25 11:08:14,095 INFO: Download Inventory Report Successfully for Basspro.
2020-02-25 11:08:17,142 INFO: Successfully Rename and Move Inventory Report for Basspro.
2020-02-25 11:09:53,788 INFO: Download Inventory Report Successfully for Cabelas.
2020-02-25 11:09:56,982 INFO: Successfully Rename and Move inventory Report for Cabelas.
2020-02-25 11:09:59,950 INFO: Successfully Signout.
2020-02-25 11:09:59,951 INFO:  DONE WITH VISTAOUTDOOR.None
2020-02-25 11:10:02,140 INFO: Successfully SignIN To AmericanAccessoriesInc.
2020-02-25 11:11:52,511 INFO: Download sales Report Successfully for Basspro.
2020-02-25 11:11:55,562 INFO: Successfully Rename and Move sales Report for Basspro.
2020-02-25 11:13:54,098 INFO: Download sales Report Successfully for Cabelas.
2020-02-25 11:13:57,140 INFO: Successfully Rename and Move sales Report for Cabelas.
2020-02-25 11:15:32,469 INFO: Download Inventory Report Successfully for Basspro.
2020-02-25 11:15:35,519 INFO: Successfully Rename and Move Inventory Report for Basspro.
2020-02-25 11:17:11,061 INFO: Download Inventory Report Successfully for Cabelas.
2020-02-25 11:17:14,106 INFO: Successfully Rename and Move inventory Report for Cabelas.
2020-02-25 11:17:17,549 INFO: Successfully Signout.
2020-02-25 11:17:17,550 INFO:  DONE WITH AMERICANACCESSORIESINC.None
2020-02-25 11:17:20,016 INFO: Successfully SignIN To BenchmadeKnifeCo.
2020-02-25 11:19:10,507 INFO: Download sales Report Successfully for Basspro.
2020-02-25 11:19:13,557 INFO: Successfully Rename and Move sales Report for Basspro.
2020-02-25 11:21:05,360 INFO: Download sales Report Successfully for Cabelas.
2020-02-25 11:21:08,411 INFO: Successfully Rename and Move sales Report for Cabelas.
2020-02-25 11:22:42,438 INFO: Download Inventory Report Successfully for Basspro.
2020-02-25 11:22:45,485 INFO: Successfully Rename and Move Inventory Report for Basspro.
2020-02-25 11:24:22,274 INFO: Download Inventory Report Successfully for Cabelas.
2020-02-25 11:24:25,414 INFO: Successfully Rename and Move inventory Report for Cabelas.
2020-02-25 11:24:28,348 INFO: Successfully Signout.
2020-02-25 11:24:28,348 INFO:  DONE WITH BENCHMADEKNIFECO.None
2020-02-25 11:25:38,217 INFO: Successfully SignIN To Chums.
2020-02-25 11:27:20,062 INFO: Download sales Report Successfully for Basspro.
2020-02-25 11:27:23,107 INFO: Successfully Rename and Move sales Report for Basspro.
2020-02-25 11:29:04,698 INFO: Download sales Report Successfully for Cabelas.
2020-02-25 11:29:07,742 INFO: Successfully Rename and Move sales Report for Cabelas.
2020-02-25 11:30:40,238 INFO: Download Inventory Report Successfully for Basspro.
2020-02-25 11:30:43,287 INFO: Successfully Rename and Move Inventory Report for Basspro.
2020-02-25 11:32:21,033 INFO: Download Inventory Report Successfully for Cabelas.
2020-02-25 11:32:24,082 INFO: Successfully Rename and Move inventory Report for Cabelas.
2020-02-25 11:32:27,180 INFO: Successfully Signout.
2020-02-25 11:32:27,181 INFO:  DONE WITH CHUMS.None
2020-02-25 11:32:29,268 INFO: Successfully SignIN To DrewBradyCompanyInc.
2020-02-25 11:34:16,249 INFO: Download sales Report Successfully for Basspro.
2020-02-25 11:34:19,291 INFO: Successfully Rename and Move sales Report for Basspro.
2020-02-25 11:36:03,203 INFO: Download sales Report Successfully for Cabelas.
2020-02-25 11:36:07,291 INFO: Successfully Rename and Move sales Report for Cabelas.
2020-02-25 11:37:46,649 INFO: Download Inventory Report Successfully for Basspro.
2020-02-25 11:37:49,668 INFO: Successfully Rename and Move Inventory Report for Basspro.
2020-02-25 11:39:21,585 INFO: Download Inventory Report Successfully for Cabelas.
2020-02-25 11:39:24,604 INFO: Successfully Rename and Move inventory Report for Cabelas.
2020-02-25 11:39:27,886 INFO: Successfully Signout.
2020-02-25 11:39:27,887 INFO:  DONE WITH DREWBRADYCOMPANYINC.None
2020-02-25 11:39:29,486 INFO: Successfully SignIN To TervisTumbler.
2020-02-25 11:41:08,516 INFO: Download sales Report Successfully for Basspro.
2020-02-25 11:41:11,533 INFO: Successfully Rename and Move sales Report for Basspro.
2020-02-25 11:42:52,146 INFO: Download sales Report Successfully for Cabelas.
2020-02-25 11:42:55,164 INFO: Successfully Rename and Move sales Report for Cabelas.
2020-02-25 11:44:27,092 INFO: Download Inventory Report Successfully for Basspro.
2020-02-25 11:44:30,145 INFO: Successfully Rename and Move Inventory Report for Basspro.
2020-02-25 11:46:02,504 INFO: Download Inventory Report Successfully for Cabelas.
2020-02-25 11:46:05,558 INFO: Successfully Rename and Move inventory Report for Cabelas.
2020-02-25 11:46:08,431 INFO: Successfully Signout.
2020-02-25 11:46:08,433 INFO:  DONE WITH TERVISTUMBLER.None
2020-02-25 11:46:10,812 INFO: Successfully SignIN To BuckGardnerCalls.
2020-02-25 11:47:51,570 INFO: Download sales Report Successfully for Basspro.
2020-02-25 11:47:54,607 INFO: Successfully Rename and Move sales Report for Basspro.
2020-02-25 11:49:46,253 INFO: Download sales Report Successfully for Cabelas.
2020-02-25 11:49:49,353 INFO: Successfully Rename and Move sales Report for Cabelas.
2020-02-25 11:51:25,453 INFO: Download Inventory Report Successfully for Basspro.
2020-02-25 11:51:28,473 INFO: Successfully Rename and Move Inventory Report for Basspro.
2020-02-25 11:52:59,707 INFO: Download Inventory Report Successfully for Cabelas.
2020-02-25 11:53:02,724 INFO: Successfully Rename and Move inventory Report for Cabelas.
2020-02-25 11:53:05,218 INFO: Successfully Signout.
2020-02-25 11:53:05,218 INFO:  DONE WITH BUCKGARDNERCALLS.None
2020-02-25 11:53:07,045 INFO: Successfully SignIN To Energizer.
2020-02-25 11:54:45,852 INFO: Download sales Report Successfully for Basspro.
2020-02-25 11:54:48,869 INFO: Successfully Rename and Move sales Report for Basspro.
2020-02-25 11:55:06,136 INFO: Message: element not interactable
  (Session info: chrome=80.0.3987.122)

2020-02-25 11:55:08,098 INFO: Successfully Signout.
2020-02-25 11:55:08,098 INFO:  DONE WITH ENERGIZER.Message: element not interactable
  (Session info: chrome=80.0.3987.122)

2020-02-25 11:55:10,166 INFO: Successfully SignIN To IndustrialRevolution.
2020-02-25 11:56:50,356 INFO: Download sales Report Successfully for Basspro.
2020-02-25 11:56:53,381 INFO: Successfully Rename and Move sales Report for Basspro.
2020-02-25 11:58:32,501 INFO: Download sales Report Successfully for Cabelas.
2020-02-25 11:58:35,520 INFO: Successfully Rename and Move sales Report for Cabelas.
2020-02-25 12:00:06,753 INFO: Download Inventory Report Successfully for Basspro.
2020-02-25 12:00:09,785 INFO: Successfully Rename and Move Inventory Report for Basspro.
2020-02-25 12:01:41,427 INFO: Download Inventory Report Successfully for Cabelas.
2020-02-25 12:01:44,446 INFO: Successfully Rename and Move inventory Report for Cabelas.
2020-02-25 12:01:47,176 INFO: Successfully Signout.
2020-02-25 12:01:47,177 INFO:  DONE WITH INDUSTRIALREVOLUTION.None
2020-02-25 12:01:48,881 INFO: Successfully SignIN To Camelback.
2020-02-25 12:03:28,339 INFO: Download sales Report Successfully for Basspro.
2020-02-25 12:03:31,364 INFO: Successfully Rename and Move sales Report for Basspro.
2020-02-25 12:05:10,177 INFO: Download sales Report Successfully for Cabelas.
2020-02-25 12:05:13,196 INFO: Successfully Rename and Move sales Report for Cabelas.
2020-02-25 12:06:47,814 INFO: Download Inventory Report Successfully for Basspro.
2020-02-25 12:06:50,832 INFO: Successfully Rename and Move Inventory Report for Basspro.
2020-02-25 12:08:22,619 INFO: Download Inventory Report Successfully for Cabelas.
2020-02-25 12:08:25,639 INFO: Successfully Rename and Move inventory Report for Cabelas.
2020-02-25 12:08:28,164 INFO: Successfully Signout.
2020-02-25 12:08:28,164 INFO:  DONE WITH CAMELBACK.None
2020-02-25 12:08:29,963 INFO: Successfully SignIN To Carhartt.
2020-02-25 12:10:12,393 INFO: Download sales Report Successfully for Basspro.
2020-02-25 12:10:15,412 INFO: Successfully Rename and Move sales Report for Basspro.
2020-02-25 12:12:23,159 INFO: Download sales Report Successfully for Cabelas.
2020-02-25 12:12:26,188 INFO: Successfully Rename and Move sales Report for Cabelas.
2020-02-25 12:13:58,404 INFO: Download Inventory Report Successfully for Basspro.
2020-02-25 12:14:01,617 INFO: Successfully Rename and Move Inventory Report for Basspro.
2020-02-25 12:15:34,888 INFO: Download Inventory Report Successfully for Cabelas.
2020-02-25 12:15:37,909 INFO: Successfully Rename and Move inventory Report for Cabelas.
2020-02-25 12:15:40,030 INFO: Successfully Signout.
2020-02-25 12:15:40,031 INFO:  DONE WITH Carhartt.None
2020-02-25 12:15:42,671 INFO: Successfully SignIN To AriatInternational.
2020-02-25 12:17:25,992 INFO: Download sales Report Successfully for Basspro.
2020-02-25 12:17:29,010 INFO: Successfully Rename and Move sales Report for Basspro.
2020-02-25 12:19:10,144 INFO: Download sales Report Successfully for Cabelas.
2020-02-25 12:19:13,163 INFO: Successfully Rename and Move sales Report for Cabelas.
2020-02-25 12:20:46,108 INFO: Download Inventory Report Successfully for Basspro.
2020-02-25 12:20:49,240 INFO: Successfully Rename and Move Inventory Report for Basspro.
2020-02-25 12:22:21,689 INFO: Download Inventory Report Successfully for Cabelas.
2020-02-25 12:22:24,708 INFO: Successfully Rename and Move inventory Report for Cabelas.
2020-02-25 12:22:27,761 INFO: Successfully Signout.
2020-02-25 12:22:27,761 INFO:  DONE WITH AriatInternationalAriatInternational.None
2020-02-25 12:22:29,655 INFO: Successfully SignIN To HydroFlask.
2020-02-25 12:24:09,127 INFO: Download sales Report Successfully for Basspro.
2020-02-25 12:24:12,146 INFO: Successfully Rename and Move sales Report for Basspro.
2020-02-25 12:25:51,466 INFO: Download sales Report Successfully for Cabelas.
2020-02-25 12:25:54,486 INFO: Successfully Rename and Move sales Report for Cabelas.
2020-02-25 12:27:26,383 INFO: Download Inventory Report Successfully for Basspro.
2020-02-25 12:27:29,404 INFO: Successfully Rename and Move Inventory Report for Basspro.
2020-02-25 12:29:01,569 INFO: Download Inventory Report Successfully for Cabelas.
2020-02-25 12:29:04,587 INFO: Successfully Rename and Move inventory Report for Cabelas.
2020-02-25 12:29:06,930 INFO: Successfully Signout.
2020-02-25 12:29:06,931 INFO:  DONE WITH HydroFlask.None
2020-02-25 12:29:08,877 INFO: Successfully SignIN To LifeIsGood.
2020-02-25 12:30:50,889 INFO: Download sales Report Successfully for Basspro.
2020-02-25 12:30:53,911 INFO: Successfully Rename and Move sales Report for Basspro.
2020-02-25 12:32:33,470 INFO: Download sales Report Successfully for Cabelas.
2020-02-25 12:32:36,490 INFO: Successfully Rename and Move sales Report for Cabelas.
2020-02-25 12:34:08,147 INFO: Download Inventory Report Successfully for Basspro.
2020-02-25 12:34:11,167 INFO: Successfully Rename and Move Inventory Report for Basspro.
2020-02-25 12:35:43,234 INFO: Download Inventory Report Successfully for Cabelas.
2020-02-25 12:35:46,329 INFO: Successfully Rename and Move inventory Report for Cabelas.
2020-02-25 12:35:48,437 INFO: Successfully Signout.
2020-02-25 12:35:48,437 INFO:  DONE WITH LifeIsGood.None
2020-02-25 12:35:50,444 INFO: Successfully SignIN To TenderCorp.
2020-02-25 12:37:33,338 INFO: Download sales Report Successfully for Basspro.
2020-02-25 12:37:36,359 INFO: Successfully Rename and Move sales Report for Basspro.
2020-02-25 12:39:21,903 INFO: Download sales Report Successfully for Cabelas.
2020-02-25 12:39:24,927 INFO: Successfully Rename and Move sales Report for Cabelas.
2020-02-25 12:40:57,061 INFO: Download Inventory Report Successfully for Basspro.
2020-02-25 12:41:00,081 INFO: Successfully Rename and Move Inventory Report for Basspro.
2020-02-25 12:42:32,010 INFO: Download Inventory Report Successfully for Cabelas.
2020-02-25 12:42:35,030 INFO: Successfully Rename and Move inventory Report for Cabelas.
2020-02-25 12:42:38,422 INFO: Successfully Signout.
2020-02-25 12:42:38,422 INFO:  DONE WITH TenderCorp.None
2020-02-25 12:42:40,037 INFO: Successfully SignIN To LipseysInc.
2020-02-25 12:44:21,691 INFO: Download sales Report Successfully for Basspro.
2020-02-25 12:44:24,712 INFO: Successfully Rename and Move sales Report for Basspro.
2020-02-25 12:46:04,511 INFO: Download sales Report Successfully for Cabelas.
2020-02-25 12:46:07,531 INFO: Successfully Rename and Move sales Report for Cabelas.
2020-02-25 12:47:38,998 INFO: Download Inventory Report Successfully for Basspro.
2020-02-25 12:47:42,018 INFO: Successfully Rename and Move Inventory Report for Basspro.
2020-02-25 12:49:13,831 INFO: Download Inventory Report Successfully for Cabelas.
2020-02-25 12:49:16,850 INFO: Successfully Rename and Move inventory Report for Cabelas.
2020-02-25 12:49:19,677 INFO: Successfully Signout.
2020-02-25 12:49:19,677 INFO:  DONE WITH LipseysInc.None
2020-02-25 12:49:21,946 INFO: Successfully SignIN To StrikeKingLures.
2020-02-25 12:51:19,705 INFO: Message: 

2020-02-25 12:51:19,727 ERROR: Exception:Message: no such element: Unable to locate element: {"method":"xpath","selector":"//*[@id="NotificationsPopoverToggle"]/div/div/span/div/div/img"}
  (Session info: chrome=80.0.3987.122)

2020-02-25 12:51:19,727 INFO:  DONE WITH StrikeKingLures.Message: 

2020-02-25 12:51:22,983 INFO: Successfully SignIN To LewsFishingTackle.
2020-02-25 12:53:21,165 INFO: Message: 

2020-02-25 12:53:21,175 ERROR: Exception:Message: no such element: Unable to locate element: {"method":"xpath","selector":"//*[@id="NotificationsPopoverToggle"]/div/div/span/div/div/img"}
  (Session info: chrome=80.0.3987.122)

2020-02-25 12:53:21,175 INFO:  DONE WITH LewsFishingTackle.Message: 

2020-02-25 12:53:59,432 INFO: Successfully SignIN To AllianceSportsGroup.
2020-02-25 12:55:38,558 INFO: Download sales Report Successfully for Basspro.
2020-02-25 12:55:41,578 INFO: Successfully Rename and Move sales Report for Basspro.
2020-02-25 12:57:25,079 INFO: Download sales Report Successfully for Cabelas.
2020-02-25 12:57:28,099 INFO: Successfully Rename and Move sales Report for Cabelas.
2020-02-25 12:58:59,130 INFO: Download Inventory Report Successfully for Basspro.
2020-02-25 12:59:02,149 INFO: Successfully Rename and Move Inventory Report for Basspro.
2020-02-25 13:00:34,925 INFO: Download Inventory Report Successfully for Cabelas.
2020-02-25 13:00:37,946 INFO: Successfully Rename and Move inventory Report for Cabelas.
2020-02-25 13:00:40,386 INFO: Successfully Signout.
2020-02-25 13:00:40,386 INFO:  DONE WITH AllianceSportsGroup.None
2020-02-25 13:00:42,068 INFO: Successfully SignIN To SmithandWesson.
2020-02-25 13:02:24,094 INFO: Download sales Report Successfully for Basspro.
2020-02-25 13:02:27,118 INFO: Successfully Rename and Move sales Report for Basspro.
2020-02-25 13:04:07,635 INFO: Download sales Report Successfully for Cabelas.
2020-02-25 13:04:10,655 INFO: Successfully Rename and Move sales Report for Cabelas.
2020-02-25 13:05:42,306 INFO: Download Inventory Report Successfully for Basspro.
2020-02-25 13:05:45,326 INFO: Successfully Rename and Move Inventory Report for Basspro.
2020-02-25 13:07:17,213 INFO: Download Inventory Report Successfully for Cabelas.
2020-02-25 13:07:20,234 INFO: Successfully Rename and Move inventory Report for Cabelas.
2020-02-25 13:07:24,495 INFO: Successfully Signout.
2020-02-25 13:07:24,496 INFO:  DONE WITH SmithandWesson.None
2020-02-25 13:07:26,314 INFO: Successfully SignIN To MarolinaOutdoorInc.
2020-02-25 13:09:05,892 INFO: Download sales Report Successfully for Basspro.
2020-02-25 13:09:08,913 INFO: Successfully Rename and Move sales Report for Basspro.
2020-02-25 13:10:50,352 INFO: Download sales Report Successfully for Cabelas.
2020-02-25 13:10:53,372 INFO: Successfully Rename and Move sales Report for Cabelas.
2020-02-25 13:12:25,279 INFO: Download Inventory Report Successfully for Basspro.
2020-02-25 13:12:28,303 INFO: Successfully Rename and Move Inventory Report for Basspro.
2020-02-25 14:03:21,451 INFO: Folder created For DomoPortal.
2020-02-25 14:03:29,964 INFO: Successfully SignIN To CarlZeiss.
2020-02-25 14:06:45,384 INFO: Folder created For DomoPortal.
2020-02-25 14:06:56,009 INFO: Successfully SignIN To CarlZeiss.
2020-02-25 14:07:46,558 INFO: Message: element not interactable
  (Session info: chrome=80.0.3987.122)

2020-02-25 14:07:55,777 INFO: Successfully Signout.
2020-02-25 14:07:55,778 INFO:  DONE WITH CarlZeiss.Message: element not interactable
  (Session info: chrome=80.0.3987.122)

2020-02-25 14:07:57,570 INFO: Successfully SignIN To Energizer.
2020-02-25 14:09:42,065 INFO: Download sales Report Successfully for Basspro.
2020-02-25 14:09:45,185 INFO: Successfully Rename and Move sales Report for Basspro.
2020-02-25 14:11:25,548 INFO: Download sales Report Successfully for Cabelas.
2020-02-25 14:11:28,564 INFO: Successfully Rename and Move sales Report for Cabelas.
2020-02-25 14:13:03,632 INFO: Download Inventory Report Successfully for Basspro.
2020-02-25 14:13:06,650 INFO: Successfully Rename and Move Inventory Report for Basspro.
2020-02-25 14:14:39,579 INFO: Download Inventory Report Successfully for Cabelas.
2020-02-25 14:14:42,597 INFO: Successfully Rename and Move inventory Report for Cabelas.
2020-02-25 14:14:45,835 INFO: Successfully Signout.
2020-02-25 14:14:45,836 INFO:  DONE WITH ENERGIZER.None
2020-02-25 14:14:49,253 INFO: Successfully SignIN To StrikeKingLures.
2020-02-25 14:16:48,090 INFO: Message: 

2020-02-25 14:16:48,105 ERROR: Exception:Message: no such element: Unable to locate element: {"method":"xpath","selector":"//*[@id="NotificationsPopoverToggle"]/div/div/span/div/div/img"}
  (Session info: chrome=80.0.3987.122)

2020-02-25 14:16:48,105 INFO:  DONE WITH StrikeKingLures.Message: 

2020-02-25 14:16:50,398 INFO: Successfully SignIN To LewsFishingTackle.
2020-02-25 14:21:13,217 INFO: Folder created For DomoPortal.
2020-02-25 14:21:22,810 INFO: Successfully SignIN To CarlZeiss.
2020-02-25 14:23:16,176 INFO: Download sales Report Successfully for Basspro.
2020-02-25 14:23:19,196 INFO: Successfully Rename and Move sales Report for Basspro.
2020-02-25 14:23:36,863 INFO: Message: element not interactable
  (Session info: chrome=80.0.3987.122)

2020-02-25 14:23:44,872 INFO: Successfully Signout.
2020-02-25 14:23:44,873 INFO:  DONE WITH CarlZeiss.Message: element not interactable
  (Session info: chrome=80.0.3987.122)

2020-02-25 14:23:48,346 INFO: Successfully SignIN To MarolinaOutdoorInc.
2020-02-25 14:25:38,274 INFO: Download sales Report Successfully for Basspro.
2020-02-25 14:25:41,291 INFO: Successfully Rename and Move sales Report for Basspro.
2020-02-25 14:25:59,142 INFO: Message: element not interactable
  (Session info: chrome=80.0.3987.122)

2020-02-25 14:26:08,601 INFO: Successfully Signout.
2020-02-25 14:26:08,601 INFO:  DONE WITH MarolinaOutdoorInc.Message: element not interactable
  (Session info: chrome=80.0.3987.122)

2020-02-25 14:26:08,602 INFO: Download Complete for Domo Portal
2020-02-25 14:27:21,797 INFO: Folder created For DomoPortal.
2020-02-25 14:27:35,014 INFO: Successfully SignIN To CarlZeiss.
2020-02-25 14:28:37,610 INFO: Message: element not interactable
  (Session info: chrome=80.0.3987.122)

2020-02-25 14:28:42,390 INFO: Successfully Signout.
2020-02-25 14:28:42,391 INFO:  DONE WITH CarlZeiss.Message: element not interactable
  (Session info: chrome=80.0.3987.122)

2020-02-25 14:28:42,391 INFO: Download Complete for Domo Portal
2020-02-25 14:30:16,712 INFO: Folder created For DomoPortal.
2020-02-25 14:30:33,401 INFO: Successfully SignIN To CarlZeiss.
2020-02-25 14:31:45,697 INFO: Message: element not interactable
  (Session info: chrome=80.0.3987.122)

2020-02-25 14:31:48,468 INFO: Successfully Signout.
2020-02-25 14:31:48,468 INFO:  DONE WITH CarlZeiss.Message: element not interactable
  (Session info: chrome=80.0.3987.122)

2020-02-25 14:31:48,469 INFO: Download Complete for Domo Portal
2020-02-25 14:33:47,071 INFO: Folder created For DomoPortal.
2020-02-25 14:33:57,385 INFO: Successfully SignIN To CarlZeiss.
2020-02-25 14:35:45,548 INFO: Download sales Report Successfully for Basspro.
2020-02-25 14:35:48,568 INFO: Successfully Rename and Move sales Report for Basspro.
2020-02-25 14:37:32,582 INFO: Download sales Report Successfully for Cabelas.
2020-02-25 14:37:35,598 INFO: Successfully Rename and Move sales Report for Cabelas.
2020-02-25 14:39:10,364 INFO: Download Inventory Report Successfully for Basspro.
2020-02-25 14:39:13,380 INFO: Successfully Rename and Move Inventory Report for Basspro.
2020-02-25 14:40:48,395 INFO: Download Inventory Report Successfully for Cabelas.
2020-02-25 14:40:51,411 INFO: Successfully Rename and Move inventory Report for Cabelas.
2020-02-25 14:40:54,185 INFO: Successfully Signout.
2020-02-25 14:40:54,185 INFO:  DONE WITH CarlZeiss.None
2020-02-25 14:40:54,185 INFO: Download Complete for Domo Portal
2020-02-25 14:41:49,567 INFO: Folder created For DomoPortal.
2020-02-25 14:42:02,139 INFO: Successfully SignIN To MarolinaOutdoorInc.
2020-02-25 14:42:50,755 INFO: Message: element click intercepted: Element <span ng-click="$ctrl.onColumnClick(column)" dm-hilite="..." dm-hilite-part="" dm-check-text-overflow="column.overflowing" db-tooltip="" class="ng-isolate-scope">BANNER</span> is not clickable at point (178, 446). Other element would receive the click: <div class="drill-loading " data-ui-test_card-details-drill_loading="">...</div>
  (Session info: chrome=80.0.3987.122)

2020-02-25 14:42:58,726 INFO: Successfully Signout.
2020-02-25 14:42:58,726 INFO:  DONE WITH MarolinaOutdoorInc.Message: element click intercepted: Element <span ng-click="$ctrl.onColumnClick(column)" dm-hilite="..." dm-hilite-part="" dm-check-text-overflow="column.overflowing" db-tooltip="" class="ng-isolate-scope">BANNER</span> is not clickable at point (178, 446). Other element would receive the click: <div class="drill-loading " data-ui-test_card-details-drill_loading="">...</div>
  (Session info: chrome=80.0.3987.122)

2020-02-25 14:42:58,726 INFO: Download Complete for Domo Portal
2020-02-25 14:43:16,866 INFO: Folder created For DomoPortal.
2020-02-25 14:43:29,451 INFO: Successfully SignIN To MarolinaOutdoorInc.
2020-02-25 14:45:15,303 INFO: Download sales Report Successfully for Basspro.
2020-02-25 14:45:18,323 INFO: Successfully Rename and Move sales Report for Basspro.
2020-02-25 14:47:03,370 INFO: Download sales Report Successfully for Cabelas.
2020-02-25 14:47:06,386 INFO: Successfully Rename and Move sales Report for Cabelas.
2020-02-25 14:48:43,600 INFO: Download Inventory Report Successfully for Basspro.
2020-02-25 14:48:46,753 INFO: Successfully Rename and Move Inventory Report for Basspro.
2020-02-25 14:50:19,199 INFO: Download Inventory Report Successfully for Cabelas.
2020-02-25 14:50:22,215 INFO: Successfully Rename and Move inventory Report for Cabelas.
2020-02-25 14:50:24,907 INFO: Successfully Signout.
2020-02-25 14:50:24,908 INFO:  DONE WITH MarolinaOutdoorInc.None
2020-02-25 14:50:24,908 INFO: Download Complete for Domo Portal
2020-02-25 15:35:11,555 INFO: Folder created For DomoPortal.
2020-02-25 15:35:24,430 INFO: Successfully SignIN To LewsFishingTackle.
