2019-12-05 10:46:31,363 INFO: Folder created.
2019-12-05 10:48:31,588 INFO: Folder created.
2019-12-05 10:48:49,777 INFO: Successfully SignIN.
2019-12-05 10:48:51,546 ERROR: Please Enter Report.
2019-12-05 10:48:51,546 INFO: Download Complete for Domo Portal
2019-12-05 10:48:59,294 INFO: Folder created.
2019-12-05 10:49:15,835 INFO: Successfully SignIN.
2019-12-05 10:49:18,519 ERROR: Please Enter Report.
2019-12-05 10:49:18,519 INFO: Download Complete for Domo Portal
2019-12-05 10:52:56,168 INFO: Folder created.
2019-12-05 10:57:07,852 INFO: Folder created.
2019-12-05 10:57:24,236 INFO: Successfully SignIN.
2019-12-05 10:57:29,273 ERROR: Please Enter Report.
2019-12-05 10:57:29,273 INFO: Download Complete for Domo Portal
2019-12-05 10:57:35,654 INFO: Folder created.
2019-12-05 10:57:52,250 INFO: Successfully SignIN.
2019-12-05 10:57:56,749 ERROR: Please Enter Report.
2019-12-05 10:57:56,750 INFO: Download Complete for Domo Portal
2019-12-05 11:00:53,074 INFO: Folder created.
2019-12-05 11:01:08,123 INFO: Successfully SignIN.
2019-12-05 11:01:22,960 INFO: Download Complete for Domo Portal
2019-12-05 11:01:28,366 INFO: Folder created.
2019-12-05 11:03:28,537 INFO: Folder created.
2019-12-05 11:03:47,702 INFO: Successfully SignIN.
2019-12-05 11:03:49,132 ERROR: Please Enter Report.
2019-12-05 11:03:49,132 INFO: Download Complete for Domo Portal
2019-12-05 11:03:54,587 INFO: Folder created.
2019-12-05 11:04:14,545 INFO: Successfully SignIN.
2019-12-05 11:04:17,459 ERROR: Please Enter Report.
2019-12-05 11:04:17,460 INFO: Download Complete for Domo Portal
2019-12-05 11:11:49,527 INFO: Folder created.
2019-12-05 11:12:05,575 INFO: Successfully SignIN.
2019-12-05 11:12:07,035 ERROR: Please Enter Report.
2019-12-05 11:12:07,035 INFO: Download Complete for Domo Portal
2019-12-05 11:12:12,929 INFO: Folder created.
2019-12-05 11:12:28,659 INFO: Successfully SignIN.
2019-12-05 11:12:30,100 ERROR: Please Enter Report.
2019-12-05 11:12:30,100 INFO: Download Complete for Domo Portal
2019-12-05 11:14:00,534 INFO: Folder created.
2019-12-05 11:14:18,854 INFO: Successfully SignIN.
2019-12-05 11:14:23,688 ERROR: Please Enter Report.
2019-12-05 11:14:23,688 INFO: Download Complete for Domo Portal
2019-12-05 11:14:29,268 INFO: Folder created.
2019-12-05 11:14:46,375 INFO: Successfully SignIN.
2019-12-05 11:14:47,825 ERROR: Please Enter Report.
2019-12-05 11:14:47,825 INFO: Download Complete for Domo Portal
2019-12-05 11:16:34,951 INFO: Folder created.
2019-12-05 11:16:52,034 INFO: Successfully SignIN.
2019-12-05 11:16:53,470 ERROR: Please Enter Report.
2019-12-05 11:16:53,470 INFO: Download Complete for Domo Portal
2019-12-05 11:17:00,102 INFO: Folder created.
2019-12-05 11:17:19,605 INFO: Successfully SignIN.
2019-12-05 11:17:21,370 ERROR: Please Enter Report.
2019-12-05 11:17:21,370 INFO: Download Complete for Domo Portal
2019-12-05 11:18:25,188 INFO: Folder created.
2019-12-05 11:18:40,951 INFO: Successfully SignIN.
2019-12-05 11:18:42,469 ERROR: Please Enter Report.
2019-12-05 11:18:42,469 INFO: Download Complete for Domo Portal
2019-12-05 11:18:48,313 INFO: Folder created.
2019-12-05 11:19:03,899 INFO: Successfully SignIN.
2019-12-05 11:19:05,377 ERROR: Please Enter Report.
2019-12-05 11:19:05,377 INFO: Download Complete for Domo Portal
2019-12-05 11:20:33,457 INFO: Folder created.
2019-12-05 11:20:49,182 INFO: Successfully SignIN.
2019-12-05 11:20:50,620 ERROR: Please Enter Report.
2019-12-05 11:20:50,621 INFO: Download Complete for Domo Portal
2019-12-05 11:20:56,291 INFO: Folder created.
2019-12-05 11:21:13,330 INFO: Successfully SignIN.
2019-12-05 11:21:15,130 ERROR: Please Enter Report.
2019-12-05 11:21:15,130 INFO: Download Complete for Domo Portal
2019-12-05 14:15:02,772 INFO: Folder created.
2019-12-05 14:15:21,260 INFO: Successfully SignIN.
2019-12-05 14:16:36,476 INFO: Folder created.
2019-12-05 14:16:53,709 INFO: Successfully SignIN.
2019-12-05 14:17:05,847 ERROR: Please Enter Report.
2019-12-05 14:17:05,847 INFO: Download Complete for Domo Portal
2019-12-05 14:17:12,419 INFO: Folder created.
2019-12-05 14:21:21,641 INFO: Folder created.
2019-12-05 14:21:38,568 INFO: Successfully SignIN.
2019-12-05 14:21:55,979 ERROR: Please Enter Report.
2019-12-05 14:21:55,979 INFO: Download Complete for Domo Portal
2019-12-05 14:22:01,865 INFO: Folder created.
2019-12-05 14:22:23,010 INFO: Folder created.
2019-12-05 14:22:40,046 INFO: Successfully SignIN.
2019-12-05 14:23:13,074 INFO: Download Complete for Domo Portal
2019-12-05 17:34:50,601 INFO: Folder created.
2019-12-05 17:35:06,399 INFO: Successfully SignIN.
2019-12-05 17:35:17,511 ERROR: Please Enter Report.
2019-12-05 17:35:27,297 ERROR: Please Enter Report.
2019-12-05 17:35:27,298 INFO: Download Complete for Domo Portal
2019-12-05 17:35:33,608 INFO: Folder created.
2019-12-05 17:35:49,213 INFO: Successfully SignIN.
2019-12-05 17:35:59,814 ERROR: Please Enter Report.
2019-12-05 17:36:27,919 ERROR: Please Enter Report.
2019-12-05 17:36:27,919 INFO: Download Complete for Domo Portal
2019-12-05 17:39:42,894 INFO: Folder created.
2019-12-05 17:39:58,686 INFO: Successfully SignIN.
2019-12-05 17:40:08,503 ERROR: Please Enter Report.
2019-12-05 17:40:55,273 ERROR: Please Enter Report.
2019-12-05 17:40:55,273 INFO: Download Complete for Domo Portal
2019-12-05 17:41:03,286 INFO: Folder created.
2019-12-05 17:41:19,920 INFO: Successfully SignIN.
2019-12-05 17:42:12,310 ERROR: Please Enter Report.
2019-12-05 17:42:59,987 ERROR: Please Enter Report.
2019-12-05 17:42:59,987 INFO: Download Complete for Domo Portal
2019-12-05 17:44:03,251 INFO: Folder created.
2019-12-05 17:44:20,615 INFO: Successfully SignIN.
2019-12-05 17:44:30,515 ERROR: Please Enter Report.
2019-12-05 17:45:18,743 ERROR: NO DATA FOR BPS.
2019-12-05 17:46:19,864 INFO: Download Complete for Domo Portal
2019-12-05 17:46:25,751 INFO: Folder created.
2019-12-05 17:46:43,757 INFO: Successfully SignIN.
2019-12-05 17:47:36,233 ERROR: NO DATA FOR CAB.
2019-12-05 17:51:02,064 INFO: Folder created.
2019-12-05 17:51:19,513 INFO: Successfully SignIN.
2019-12-05 17:52:17,244 ERROR: NO DATA FOR CAB.
2019-12-05 17:55:53,100 INFO: Folder created.
2019-12-05 17:56:11,811 INFO: Successfully SignIN.
2019-12-05 17:57:09,301 ERROR: NO DATA FOR CAB.
2019-12-05 18:00:14,084 INFO: Folder created.
2019-12-05 18:00:31,732 INFO: Successfully SignIN.
2019-12-05 18:01:29,193 ERROR: NO DATA FOR CAB.
2019-12-05 18:04:04,408 INFO: Folder created.
2019-12-05 18:04:20,403 INFO: Successfully SignIN.
2019-12-05 18:05:17,694 ERROR: NO DATA FOR CAB.
