2020-01-20 10:18:14,675 INFO: Folder created For DomoPortal.
2020-01-20 10:18:30,869 INFO: Successfully SignIN To ColumbiaSportswear.
2020-01-20 10:20:38,276 INFO: Download sales Report Successfully for Basspro.
2020-01-20 10:20:41,418 INFO: Successfully Rename and Move sales Report for Basspro.
2020-01-20 10:22:56,921 INFO: Download sales Report Successfully for Cabelas.
2020-01-20 10:22:59,939 INFO: Successfully Rename and Move sales Report for Cabelas.
2020-01-20 10:26:15,320 INFO: Download Inventory Report Successfully for Basspro.
2020-01-20 10:26:18,770 INFO: Successfully Rename and Move Inventory Report for Basspro.
2020-01-20 10:29:56,837 INFO: Download Inventory Report Successfully for Cabelas.
2020-01-20 10:29:59,853 INFO: Successfully Rename and Move inventory Report for Cabelas.
2020-01-20 10:30:02,109 INFO: Successfully Signout.
2020-01-20 10:30:02,109 INFO:  DONE WITH COLUMBIA SPORTWEAR.None
2020-01-20 10:30:13,713 INFO: Successfully SignIN To Chums.
2020-01-20 10:32:47,420 INFO: Folder created For DomoPortal.
2020-01-20 10:33:03,513 INFO: Successfully SignIN To VistaOutdoors.
2020-01-20 10:34:43,386 INFO: Folder created For DomoPortal.
2020-01-20 10:35:30,703 INFO: Folder created For DomoPortal.
2020-01-20 10:35:45,647 INFO: Successfully SignIN To ColumbiaSportswear.
2020-01-20 10:37:51,937 INFO: Download sales Report Successfully for Basspro.
2020-01-20 10:37:54,955 INFO: Successfully Rename and Move sales Report for Basspro.
2020-01-20 10:40:11,464 INFO: Download sales Report Successfully for Cabelas.
2020-01-20 10:40:14,480 INFO: Successfully Rename and Move sales Report for Cabelas.
2020-01-20 10:43:27,012 INFO: Download Inventory Report Successfully for Basspro.
2020-01-20 10:43:30,028 INFO: Successfully Rename and Move Inventory Report for Basspro.
2020-01-20 11:00:02,578 INFO: Successfully Login to Gildan
2020-01-20 11:01:11,832 INFO: Successfully SignOut from Gildan
2020-01-20 11:01:11,833 INFO: Login Done
2020-01-20 11:02:10,136 INFO: Successfully Login to Gildan
2020-01-20 11:04:00,743 INFO: Successfully Login to Gildan
2020-01-20 11:05:04,161 INFO: Successfully SignOut from Gildan
2020-01-20 11:05:04,162 INFO: Login Done
2020-01-20 11:06:42,370 INFO: Successfully Login to Gildan
2020-01-20 11:08:31,315 ERROR: Exception: Message: 

2020-01-20 11:09:38,912 INFO: Successfully SignOut from Gildan
2020-01-20 11:09:38,912 INFO: Login Done
2020-01-20 11:10:18,522 INFO: Successfully Login to Gildan
2020-01-20 11:11:54,165 INFO: Successfully SignOut from Gildan
2020-01-20 11:11:54,165 INFO: Login Done
2020-01-20 12:32:22,202 INFO: Successfully Login to Gildan
2020-01-20 12:34:08,513 INFO: Successfully SignOut from Gildan
2020-01-20 12:34:08,514 INFO: Login Done
2020-01-20 16:18:13,922 ERROR: Exception:Message: 

2020-01-20 16:20:46,278 ERROR: Exception: Message: 

2020-01-20 16:20:49,292 ERROR: Exception:[Errno 2] No such file or directory: 'C:\\Automation\\Amazon\\20-Jan-2020\\AmazonPortal'
2020-01-20 16:22:37,766 ERROR: Exception: Message: 

2020-01-20 16:22:40,775 ERROR: Exception:[Errno 2] No such file or directory: 'C:\\Automation\\Amazon\\20-Jan-2020\\AmazonPortal'
2020-01-20 16:22:43,518 INFO: Successfully SignOut from Gildan
2020-01-20 16:22:43,519 INFO:  Done With Gildan.
2020-01-20 16:33:34,085 INFO: Folder created For DomoPortal.
2020-01-20 16:33:43,922 INFO: Successfully Login to Gildan
2020-01-20 16:34:27,106 ERROR: Exception: [WinError 183] Cannot create a file when that file already exists: 'C:\\Users\\Krishnabhashkar.Jha\\Downloads\\Sales Diagnostic_Detail View_US.xlsx' -> 'C:\\Users\\Krishnabhashkar.Jha\\Downloads\\AMAZONPORTAL_Gildan_SALES_20200118.xlsx'
2020-01-20 16:35:39,151 ERROR: Exception: [WinError 183] Cannot create a file when that file already exists: 'C:\\Users\\Krishnabhashkar.Jha\\Downloads\\Inventory Health_US.xlsx' -> 'C:\\Users\\Krishnabhashkar.Jha\\Downloads\\AMAZONPORTAL_Gildan_INVENTORY_20200118.xlsx'
2020-01-20 16:35:44,918 INFO: Successfully SignOut from Gildan
2020-01-20 16:35:44,918 INFO:  Done With Gildan.
2020-01-20 16:35:44,918 INFO: Download Complete for Domo Portal
