2019-12-16 10:48:25,346 INFO: Folder created.
2019-12-16 10:48:43,056 INFO: Successfully SignIN To GerberLegendaryBlades.
2019-12-16 10:50:15,240 INFO: Folder created.
2019-12-16 10:50:32,263 INFO: Successfully SignIN To GerberLegendaryBlades.
2019-12-16 10:52:31,384 INFO: Download sales Report Successfully for Basspro.
2019-12-16 10:52:34,790 INFO: Successfully Rename and Move sales Report for Basspro.
2019-12-16 10:54:32,838 INFO: Download sales Report Successfully for Cabelas.
2019-12-16 10:54:35,858 INFO: Successfully Rename and Move sales Report for Cabelas.
2019-12-16 10:58:13,619 INFO: Download Inventory Report Successfully for Basspro.
2019-12-16 10:58:16,640 INFO: Successfully Rename and Move Inventory Report for Basspro.
2019-12-16 11:02:03,000 INFO: Download Inventory Report Successfully for Cabelas.
2019-12-16 11:02:06,018 INFO: Successfully Rename and Move inventory Report for Cabelas.
2019-12-16 11:02:08,945 INFO: Successfully Signout.
2019-12-16 11:02:08,945 INFO:  DONE WITH GERLEGENDARYBLADES.
2019-12-16 11:02:20,677 INFO: Successfully SignIN To Carhartt.
2019-12-16 11:09:45,118 INFO: Folder created.
2019-12-16 11:10:04,076 INFO: Successfully SignIN To SITKAGear.
2019-12-16 11:12:02,414 INFO: Download sales Report Successfully for Basspro.
2019-12-16 11:12:05,984 INFO: Successfully Rename and Move sales Report for Basspro.
2019-12-16 11:14:05,953 INFO: Download sales Report Successfully for Cabelas.
2019-12-16 11:14:09,002 INFO: Successfully Rename and Move sales Report for Cabelas.
2019-12-16 11:17:45,343 INFO: Download Inventory Report Successfully for Basspro.
2019-12-16 11:17:48,374 INFO: Successfully Rename and Move Inventory Report for Basspro.
2019-12-16 11:21:40,520 INFO: Download Inventory Report Successfully for Cabelas.
2019-12-16 11:21:43,554 INFO: Successfully Rename and Move inventory Report for Cabelas.
2019-12-16 11:21:47,019 INFO: Successfully Signout.
2019-12-16 11:21:47,019 INFO:  DONE WITH SITKAGEAR.
2019-12-16 11:21:47,020 INFO: Download Complete for Domo Portal
2019-12-16 11:27:28,731 INFO: Folder created.
2019-12-16 11:27:48,219 INFO: Successfully SignIN To Carhartt.
2019-12-16 12:03:23,841 INFO: Folder created.
2019-12-16 12:03:40,685 INFO: Successfully SignIN To ColumbiaSportswear.
2019-12-16 12:05:42,558 INFO: Download sales Report Successfully for Basspro.
2019-12-16 12:08:21,474 INFO: Folder created.
2019-12-16 12:08:38,781 INFO: Successfully SignIN To ColumbiaSportswear.
2019-12-16 12:10:49,276 INFO: Download sales Report Successfully for Basspro.
2019-12-16 12:10:52,432 INFO: Successfully Rename and Move sales Report for Basspro.
2019-12-16 12:13:03,004 INFO: Download sales Report Successfully for Cabelas.
2019-12-16 12:13:06,023 INFO: Successfully Rename and Move sales Report for Cabelas.
2019-12-16 12:16:48,123 INFO: Download Inventory Report Successfully for Basspro.
2019-12-16 12:16:51,209 INFO: Successfully Rename and Move Inventory Report for Basspro.
2019-12-16 12:20:40,792 INFO: Download Inventory Report Successfully for Cabelas.
2019-12-16 12:28:43,914 INFO: Folder created.
2019-12-16 12:29:01,455 INFO: Successfully SignIN To ColumbiaSportswear.
2019-12-16 12:31:05,869 INFO: Download sales Report Successfully for Basspro.
2019-12-16 12:31:09,579 INFO: Successfully Rename and Move sales Report for Basspro.
2019-12-16 12:33:16,955 INFO: Download sales Report Successfully for Cabelas.
2019-12-16 12:33:19,977 INFO: Successfully Rename and Move sales Report for Cabelas.
2019-12-16 12:36:52,396 INFO: Download Inventory Report Successfully for Basspro.
2019-12-16 12:36:55,417 INFO: Successfully Rename and Move Inventory Report for Basspro.
2019-12-16 12:40:29,197 INFO: Download Inventory Report Successfully for Cabelas.
2019-12-16 12:40:32,325 INFO: Successfully Rename and Move inventory Report for Cabelas.
2019-12-16 12:40:35,169 INFO: Successfully Signout.
2019-12-16 12:40:35,170 INFO:  DONE WITH COLUMBIA SPORTWEAR.
2019-12-16 12:40:35,170 INFO: Download Complete for Domo Portal
2019-12-16 13:54:56,372 INFO: Folder created.
2019-12-16 13:55:15,989 INFO: Successfully SignIN To ColumbiaSportswear.
2019-12-16 13:57:18,763 INFO: Download sales Report Successfully for Basspro.
2019-12-16 13:57:22,113 INFO: Successfully Rename and Move sales Report for Basspro.
2019-12-16 13:59:28,431 INFO: Download sales Report Successfully for Cabelas.
2019-12-16 13:59:32,183 INFO: Successfully Rename and Move sales Report for Cabelas.
2019-12-16 14:02:39,159 INFO: Download Inventory Report Successfully for Basspro.
2019-12-16 14:02:42,295 INFO: Successfully Rename and Move Inventory Report for Basspro.
2019-12-16 14:05:52,941 INFO: Download Inventory Report Successfully for Cabelas.
2019-12-16 14:05:55,998 INFO: Successfully Rename and Move inventory Report for Cabelas.
2019-12-16 14:05:59,731 INFO: Successfully Signout.
2019-12-16 14:05:59,732 INFO:  DONE WITH COLUMBIA SPORTWEAR.
2019-12-16 14:05:59,732 INFO: Download Complete for Domo Portal
2019-12-16 15:25:24,977 INFO: Folder created.
2019-12-16 15:25:43,060 INFO: Successfully SignIN To ColumbiaSportswear.
2019-12-16 15:27:30,117 INFO: Folder created.
2019-12-16 15:27:52,025 INFO: Successfully SignIN To ColumbiaSportswear.
2019-12-16 15:29:47,676 INFO: Download sales Report Successfully for Basspro.
2019-12-16 15:29:50,834 INFO: Successfully Rename and Move sales Report for Basspro.
2019-12-16 15:31:44,876 INFO: Folder created.
2019-12-16 15:32:05,514 INFO: Successfully SignIN To ColumbiaSportswear.
2019-12-16 15:34:10,447 INFO: Download sales Report Successfully for Basspro.
2019-12-16 15:35:56,981 INFO: Folder created.
2019-12-16 15:36:18,700 INFO: Successfully SignIN To ColumbiaSportswear.
2019-12-16 15:38:33,733 INFO: Download sales Report Successfully for Basspro.
2019-12-16 15:38:38,790 INFO: Successfully Rename and Move sales Report for Basspro.
