2020-01-15 17:57:15,145 INFO: Folder created For DomoPortal.
2020-01-15 17:57:39,807 INFO: Successfully SignIN To ColumbiaSportswear.
2020-01-15 17:58:53,024 INFO: Folder created For DomoPortal.
2020-01-15 17:58:58,395 INFO: Message: no such window: target window already closed
from unknown error: web view not found
  (Session info: chrome=79.0.3945.117)

2020-01-15 17:58:58,397 ERROR: Exception:Message: no such window: target window already closed
from unknown error: web view not found
  (Session info: chrome=79.0.3945.117)

2020-01-15 17:58:58,398 INFO:  DONE WITH COLUMBIA SPORTWEAR.Message: no such window: target window already closed
from unknown error: web view not found
  (Session info: chrome=79.0.3945.117)

2020-01-15 17:58:58,414 INFO: Message: no such window: target window already closed
from unknown error: web view not found
  (Session info: chrome=79.0.3945.117)

2020-01-15 17:58:58,419 ERROR: Exception:Message: no such window: target window already closed
from unknown error: web view not found
  (Session info: chrome=79.0.3945.117)

2020-01-15 17:58:58,419 INFO:  DONE WITH CHUMS.Message: no such window: target window already closed
from unknown error: web view not found
  (Session info: chrome=79.0.3945.117)

2020-01-15 17:58:58,419 INFO: Download Complete for Domo Portal
2020-01-15 17:59:28,735 INFO: Folder created For DomoPortal.
2020-01-15 17:59:46,775 INFO: Message: chrome not reachable
  (Session info: chrome=79.0.3945.117)

2020-01-15 18:00:16,622 INFO: Folder created For DomoPortal.
2020-01-15 18:00:21,005 INFO: 'NoneType' object has no attribute 'click'
2020-01-15 18:00:21,011 ERROR: Exception:Message: no such window: target window already closed
from unknown error: web view not found
  (Session info: chrome=79.0.3945.117)

2020-01-15 18:00:21,013 INFO:  DONE WITH COLUMBIA SPORTWEAR.'NoneType' object has no attribute 'click'
2020-01-15 18:00:21,037 INFO: Message: no such window: target window already closed
from unknown error: web view not found
  (Session info: chrome=79.0.3945.117)

2020-01-15 18:00:21,041 ERROR: Exception:Message: no such window: target window already closed
from unknown error: web view not found
  (Session info: chrome=79.0.3945.117)

2020-01-15 18:00:21,041 INFO:  DONE WITH CHUMS.Message: no such window: target window already closed
from unknown error: web view not found
  (Session info: chrome=79.0.3945.117)

2020-01-15 18:00:21,041 INFO: Download Complete for Domo Portal
2020-01-15 18:01:15,723 INFO: Folder created For DomoPortal.
2020-01-15 18:03:12,172 INFO: Folder created For DomoPortal.
2020-01-15 18:03:15,507 INFO: Message: no such window: target window already closed
from unknown error: web view not found
  (Session info: chrome=79.0.3945.117)

2020-01-15 18:03:15,510 ERROR: Exception:Message: no such window: target window already closed
from unknown error: web view not found
  (Session info: chrome=79.0.3945.117)

2020-01-15 18:03:15,510 INFO:  DONE WITH COLUMBIA SPORTWEAR.Message: no such window: target window already closed
from unknown error: web view not found
  (Session info: chrome=79.0.3945.117)

2020-01-15 18:03:15,515 INFO: Message: no such window: target window already closed
from unknown error: web view not found
  (Session info: chrome=79.0.3945.117)

2020-01-15 18:03:15,517 ERROR: Exception:Message: no such window: target window already closed
from unknown error: web view not found
  (Session info: chrome=79.0.3945.117)

2020-01-15 18:03:15,517 INFO:  DONE WITH CHUMS.Message: no such window: target window already closed
from unknown error: web view not found
  (Session info: chrome=79.0.3945.117)

2020-01-15 18:03:15,517 INFO: Download Complete for Domo Portal
