2019-12-06 10:49:29,022 INFO: Folder created.
2019-12-06 10:49:45,938 INFO: Successfully SignIN.
2019-12-06 10:50:39,666 ERROR: Please Enter Report.
2019-12-06 11:02:05,735 INFO: Folder created.
2019-12-06 11:02:21,554 INFO: Successfully SignIN.
2019-12-06 11:03:03,799 ERROR: Please Enter Report.
2019-12-06 11:03:45,856 ERROR: Please Enter Report.
2019-12-06 11:03:45,857 INFO: Download Complete for Domo Portal
2019-12-06 11:03:53,565 INFO: Folder created.
2019-12-06 11:04:10,158 INFO: Successfully SignIN.
2019-12-06 11:04:52,606 ERROR: Please Enter Report.
2019-12-06 11:05:35,099 ERROR: Please Enter Report.
2019-12-06 11:05:35,100 INFO: Download Complete for Domo Portal
2019-12-06 11:16:40,596 INFO: Folder created.
2019-12-06 11:16:56,380 INFO: Successfully SignIN.
2019-12-06 11:17:38,622 ERROR: Please Enter Report.
2019-12-06 11:17:48,609 ERROR: Please Enter Report.
2019-12-06 11:17:48,609 INFO: Download Complete for Domo Portal
2019-12-06 11:31:49,222 INFO: Folder created.
2019-12-06 11:32:04,917 INFO: Successfully SignIN.
2019-12-06 11:32:15,320 ERROR: Please Enter Report.
2019-12-06 11:33:02,384 ERROR: Please Enter Report.
2019-12-06 11:33:02,385 INFO: Download Complete for Domo Portal
2019-12-06 11:33:08,841 INFO: Folder created.
2019-12-06 11:33:24,980 INFO: Successfully SignIN.
2019-12-06 11:34:13,327 ERROR: Please Enter Report.
2019-12-06 11:35:00,968 ERROR: Please Enter Report.
2019-12-06 11:35:00,968 INFO: Download Complete for Domo Portal
2019-12-06 11:51:25,911 INFO: Folder created.
2019-12-06 11:51:44,769 INFO: Successfully SignIN.
2019-12-06 11:51:55,178 ERROR: NO DATA FOR SALES.
2019-12-06 11:52:42,163 ERROR: NO DATA FOR CAB.
2019-12-06 12:05:36,927 INFO: Folder created.
2019-12-06 12:05:55,541 INFO: Successfully SignIN.
2019-12-06 12:10:20,719 INFO: Folder created.
2019-12-06 12:10:37,890 INFO: Successfully SignIN.
2019-12-06 12:30:10,120 INFO: Folder created.
2019-12-06 12:30:26,206 INFO: Successfully SignIN.
2019-12-06 12:32:14,361 INFO: Folder created.
2019-12-06 12:32:32,070 INFO: Successfully SignIN.
2019-12-06 12:36:54,934 INFO: Folder created.
2019-12-06 12:37:12,238 INFO: Successfully SignIN.
2019-12-06 13:01:27,928 INFO: Folder created.
2019-12-06 13:01:44,256 INFO: Successfully SignIN.
2019-12-06 13:20:25,347 INFO: Folder created.
2019-12-06 13:20:41,268 INFO: Successfully SignIN.
2019-12-06 15:04:23,552 INFO: Folder created.
2019-12-06 15:04:42,766 INFO: Successfully SignIN.
2019-12-06 15:05:23,866 INFO: Folder created.
2019-12-06 15:05:42,006 INFO: Successfully SignIN.
2019-12-06 15:07:54,991 INFO: Folder created.
2019-12-06 15:08:13,263 INFO: Successfully SignIN.
2019-12-06 15:12:23,934 INFO: Folder created.
2019-12-06 15:12:42,505 INFO: Successfully SignIN.
2019-12-06 15:46:19,908 INFO: Folder created.
2019-12-06 15:46:46,774 INFO: Successfully SignIN.
2019-12-06 16:04:02,597 INFO: Folder created.
2019-12-06 16:04:19,386 INFO: Successfully SignIN.
2019-12-06 16:07:19,855 INFO: Folder created.
2019-12-06 16:07:37,341 INFO: Successfully SignIN.
2019-12-06 16:10:26,787 INFO: Folder created.
2019-12-06 16:10:42,452 INFO: Successfully SignIN.
2019-12-06 16:19:35,707 INFO: Folder created.
2019-12-06 16:19:54,246 INFO: Successfully SignIN.
2019-12-06 16:20:22,853 INFO: Folder created.
2019-12-06 16:20:38,745 INFO: Successfully SignIN.
2019-12-06 16:24:15,368 INFO: Folder created.
2019-12-06 16:24:31,612 INFO: Successfully SignIN.
2019-12-06 16:28:10,518 INFO: Folder created.
2019-12-06 16:28:26,504 INFO: Successfully SignIN.
2019-12-06 16:53:43,309 INFO: Folder created.
2019-12-06 16:53:59,634 INFO: Successfully SignIN.
2019-12-06 16:57:48,486 INFO: Folder created.
2019-12-06 16:58:04,903 INFO: Successfully SignIN.
2019-12-06 17:01:19,770 INFO: Folder created.
2019-12-06 17:01:36,794 INFO: Successfully SignIN.
