2019-12-12 11:33:06,635 INFO: Folder created.
2019-12-12 11:33:29,070 INFO: Download Complete for Domo Portal
2019-12-12 11:33:42,874 INFO: Folder created.
2019-12-12 11:34:04,569 INFO: Download Complete for Domo Portal
2019-12-12 11:46:48,043 INFO: Folder created.
2019-12-12 11:47:06,577 INFO: Successfully SignIN To VistaOutdoors.
2019-12-12 11:48:57,436 INFO: Download sales Report Successfully for Basspro.
2019-12-12 11:49:00,463 INFO: Successfully Rename and Move sales Report for Basspro.
2019-12-12 11:49:00,463 INFO: Download Complete for Domo Portal
2019-12-12 12:02:58,030 INFO: Folder created.
2019-12-12 12:03:20,255 INFO: Successfully SignIN To VistaOutdoors.
2019-12-12 12:05:36,401 INFO: Download sales Report Successfully for Basspro.
2019-12-12 12:05:39,410 INFO: Successfully Rename and Move sales Report for Basspro.
2019-12-12 12:15:22,675 INFO: Folder created.
2019-12-12 12:15:42,796 INFO: Successfully SignIN To VistaOutdoors.
2019-12-12 12:18:03,414 INFO: Download sales Report Successfully for Basspro.
2019-12-12 12:18:06,503 INFO: Successfully Rename and Move sales Report for Basspro.
2019-12-12 12:20:19,105 INFO: Download sales Report Successfully for Cabelas.
2019-12-12 12:20:22,415 INFO: Successfully Rename and Move sales Report for Cabelas.
2019-12-12 13:42:45,162 INFO: Folder created.
2019-12-12 13:43:07,517 INFO: Successfully SignIN To VistaOutdoors.
2019-12-12 13:45:07,946 INFO: Download sales Report Successfully for Basspro.
2019-12-12 13:45:10,950 INFO: Successfully Rename and Move sales Report for Basspro.
2019-12-12 13:47:10,133 INFO: Download sales Report Successfully for Cabelas.
2019-12-12 13:47:13,316 INFO: Successfully Rename and Move sales Report for Cabelas.
2019-12-12 13:50:41,993 INFO: Download Inventory Report Successfully for Basspro.
2019-12-12 13:50:45,043 INFO: Successfully Rename and Move Inventory Report for Basspro.
2019-12-12 13:54:21,186 INFO: Download Inventory Report Successfully for Cabelas.
2019-12-12 15:18:36,384 INFO: Folder created.
2019-12-12 15:18:53,466 INFO: Successfully SignIN To KeenFootwear.
2019-12-12 15:20:58,512 INFO: Download sales Report Successfully for Basspro.
2019-12-12 15:21:01,588 INFO: Successfully Rename and Move sales Report for Basspro.
2019-12-12 15:23:00,572 INFO: Download sales Report Successfully for Cabelas.
2019-12-12 15:23:03,596 INFO: Successfully Rename and Move sales Report for Cabelas.
2019-12-12 15:26:33,743 INFO: Download Inventory Report Successfully for Basspro.
2019-12-12 15:26:36,872 INFO: Successfully Rename and Move Inventory Report for Basspro.
2019-12-12 15:30:13,507 INFO: Download Inventory Report Successfully for Cabelas.
2019-12-12 15:30:16,538 INFO: Successfully Rename and Move inventory Report for Cabelas.
2019-12-12 16:55:57,849 INFO: Folder created.
2019-12-12 16:56:19,570 INFO: Successfully SignIN To NorthFace.
2019-12-12 16:58:17,687 INFO: Download sales Report Successfully for Basspro.
2019-12-12 16:58:20,992 INFO: Successfully Rename and Move sales Report for Basspro.
2019-12-12 17:00:20,115 INFO: Download sales Report Successfully for Cabelas.
2019-12-12 17:00:23,308 INFO: Successfully Rename and Move sales Report for Cabelas.
2019-12-12 17:03:51,701 INFO: Download Inventory Report Successfully for Basspro.
2019-12-12 17:03:55,218 INFO: Successfully Rename and Move Inventory Report for Basspro.
2019-12-12 17:07:33,534 INFO: Download Inventory Report Successfully for Cabelas.
2019-12-12 17:07:36,553 INFO: Successfully Rename and Move inventory Report for Cabelas.
2019-12-12 17:07:39,495 INFO:  DONE WITH NORTH FACE.
2019-12-12 17:07:39,496 INFO: Download Complete for Domo Portal
2019-12-12 17:39:28,068 INFO: Folder created.
2019-12-12 17:39:46,390 INFO: Successfully SignIN To NorthFace.
2019-12-12 17:41:47,946 INFO: Download sales Report Successfully for Basspro.
2019-12-12 17:41:51,919 INFO: Successfully Rename and Move sales Report for Basspro.
2019-12-12 17:43:53,133 INFO: Download sales Report Successfully for Cabelas.
2019-12-12 17:43:56,197 INFO: Successfully Rename and Move sales Report for Cabelas.
2019-12-12 17:47:24,669 INFO: Download Inventory Report Successfully for Basspro.
2019-12-12 17:47:27,696 INFO: Successfully Rename and Move Inventory Report for Basspro.
2019-12-12 17:51:05,584 INFO: Download Inventory Report Successfully for Cabelas.
2019-12-12 17:51:09,124 INFO: Successfully Rename and Move inventory Report for Cabelas.
2019-12-12 17:55:49,138 INFO: Folder created.
2019-12-12 17:56:06,419 INFO: Successfully SignIN To Crocs.
2019-12-12 17:58:08,150 INFO: Download sales Report Successfully for Basspro.
2019-12-12 17:58:11,367 INFO: Successfully Rename and Move sales Report for Basspro.
2019-12-12 18:00:22,255 INFO: Download sales Report Successfully for Cabelas.
2019-12-12 18:00:25,302 INFO: Successfully Rename and Move sales Report for Cabelas.
2019-12-12 18:03:56,738 INFO: Download Inventory Report Successfully for Basspro.
2019-12-12 18:04:00,302 INFO: Successfully Rename and Move Inventory Report for Basspro.
2019-12-12 18:07:41,778 INFO: Download Inventory Report Successfully for Cabelas.
2019-12-12 18:07:44,852 INFO: Successfully Rename and Move inventory Report for Cabelas.
2019-12-12 18:07:48,140 INFO: Successfully Signout.
2019-12-12 18:07:48,141 INFO:  DONE WITH Crocs.
2019-12-12 18:07:48,142 INFO: Download Complete for Domo Portal
