2019-12-18 11:32:17,093 INFO: Folder created For DomoPortal.
2019-12-18 11:32:35,568 INFO: Successfully SignIN To CarlZeiss.
2019-12-18 11:34:46,007 INFO: Download sales Report Successfully for Basspro.
2019-12-18 11:34:49,575 INFO: Successfully Rename and Move sales Report for Basspro.
2019-12-18 11:37:01,139 INFO: Download sales Report Successfully for Cabelas.
2019-12-18 11:37:04,156 INFO: Successfully Rename and Move sales Report for Cabelas.
2019-12-18 11:40:08,257 INFO: Download Inventory Report Successfully for Basspro.
2019-12-18 11:40:11,275 INFO: Successfully Rename and Move Inventory Report for Basspro.
2019-12-18 11:43:20,249 INFO: Download Inventory Report Successfully for Cabelas.
2019-12-18 11:43:23,267 INFO: Successfully Rename and Move inventory Report for Cabelas.
2019-12-18 11:43:26,056 INFO: Successfully Signout.
2019-12-18 11:43:26,057 INFO:  DONE WITH CarlZeiss.
2019-12-18 11:43:26,057 INFO: Download Complete for Domo Portal
2019-12-18 14:33:37,952 INFO: Folder created For DomoPortal.
2019-12-18 14:33:56,646 INFO: Successfully SignIN To Beretta.
2019-12-18 14:38:57,934 INFO: Folder created For DomoPortal.
2019-12-18 14:40:22,327 INFO: Folder created For DomoPortal.
2019-12-18 14:42:01,310 INFO: Folder created For DomoPortal.
2019-12-18 14:42:18,340 INFO: Successfully SignIN To PureFishing.
2019-12-18 14:43:41,131 INFO: Successfully SignIN To Crocs.
2019-12-18 14:47:16,159 INFO: Folder created For DomoPortal.
2019-12-18 14:48:07,558 INFO: Successfully SignIN To ColumbiaSportswear.
2019-12-18 15:04:29,105 INFO: Folder created For DomoPortal.
2019-12-18 15:05:18,785 INFO: Folder created For DomoPortal.
2019-12-18 15:09:34,988 INFO: Folder created For DomoPortal.
2019-12-18 15:09:51,489 INFO: Successfully SignIN To VistaOutdoors.
2019-12-18 15:11:24,082 INFO: Successfully SignIN To KeenFootwear.
2019-12-18 15:25:53,264 INFO: Folder created For DomoPortal.
2019-12-18 15:27:44,924 INFO: Folder created For DomoPortal.
2019-12-18 15:28:34,957 ERROR: NO Supplier is There.
2019-12-18 15:28:34,959 INFO: Successfully SignIN To KeenFootwear.
2019-12-18 15:33:31,804 INFO: Folder created For DomoPortal.
2019-12-18 15:33:48,365 INFO: Successfully SignIN To KeenFootwear.
2019-12-18 15:34:35,965 INFO: Successfully SignIN To KeenFootwear.
2019-12-18 15:38:05,479 INFO: Folder created For DomoPortal.
2019-12-18 15:38:25,007 INFO: Successfully SignIN To KeenFootwear.
2019-12-18 15:46:41,634 INFO: Folder created For DomoPortal.
2019-12-18 15:54:04,797 INFO: Folder created For DomoPortal.
2019-12-18 15:54:20,230 INFO: Successfully SignIN To NorthFace.
2019-12-18 15:55:30,505 INFO: Folder created For DomoPortal.
2019-12-18 15:55:47,279 INFO: Successfully SignIN To NorthFace.
2019-12-18 17:00:34,744 INFO: Folder created For DomoPortal.
2019-12-18 17:00:52,041 INFO: Successfully SignIN To Yeti.
2019-12-18 17:03:02,087 INFO: Download sales Report Successfully for Basspro.
2019-12-18 17:03:05,379 INFO: Successfully Rename and Move sales Report for Basspro.
2019-12-18 17:05:19,704 INFO: Download sales Report Successfully for Cabelas.
2019-12-18 17:05:22,746 INFO: Successfully Rename and Move sales Report for Cabelas.
2019-12-18 17:08:26,868 INFO: Download Inventory Report Successfully for Basspro.
2019-12-18 17:08:29,914 INFO: Successfully Rename and Move Inventory Report for Basspro.
2019-12-18 17:11:36,681 INFO: Download Inventory Report Successfully for Cabelas.
2019-12-18 17:11:39,721 INFO: Successfully Rename and Move inventory Report for Cabelas.
2019-12-18 17:11:42,387 INFO: Successfully Signout.
2019-12-18 17:11:42,389 INFO:  DONE WITH YETI.
2019-12-18 17:11:42,389 INFO: Download Complete for Domo Portal
2019-12-18 17:15:04,788 INFO: Folder created For DomoPortal.
2019-12-18 17:15:21,293 INFO: Successfully SignIN To LacrosseFootwear.
